[0.133s] DEBUG:colcon:Command line arguments: ['/usr/bin/colcon', 'build', '--packages-select', 'joy_to_turtle']
[0.133s] DEBUG:colcon:Parsed command line arguments: Namespace(log_base=None, log_level=None, verb_name='build', build_base='build', install_base='install', merge_install=False, symlink_install=False, test_result_base=None, continue_on_error=False, executor='parallel', parallel_workers=8, event_handlers=None, ignore_user_meta=False, metas=['./colcon.meta'], base_paths=['.'], packages_ignore=None, packages_ignore_regex=None, paths=None, packages_up_to=None, packages_up_to_regex=None, packages_above=None, packages_above_and_dependencies=None, packages_above_depth=None, packages_select_by_dep=None, packages_skip_by_dep=None, packages_skip_up_to=None, packages_select_build_failed=False, packages_skip_build_finished=False, packages_select_test_failures=False, packages_skip_test_passed=False, packages_select=['joy_to_turtle'], packages_skip=None, packages_select_regex=None, packages_skip_regex=None, packages_start=None, packages_end=None, allow_overriding=[], cmake_args=None, cmake_target=None, cmake_target_skip_unavailable=False, cmake_clean_cache=False, cmake_clean_first=False, cmake_force_configure=False, ament_cmake_args=None, catkin_cmake_args=None, catkin_skip_building_tests=False, mixin_files=None, mixin=None, verb_parser=<colcon_mixin.mixin.mixin_argument.MixinArgumentDecorator object at 0x7ffff60a5280>, verb_extension=<colcon_core.verb.build.BuildVerb object at 0x7ffff61ccf20>, main=<bound method BuildVerb.main of <colcon_core.verb.build.BuildVerb object at 0x7ffff61ccf20>>, mixin_verb=('build',))
[0.179s] Level 1:colcon.colcon_core.package_discovery:discover_packages(colcon_meta) check parameters
[0.179s] Level 1:colcon.colcon_core.package_discovery:discover_packages(recursive) check parameters
[0.179s] Level 1:colcon.colcon_core.package_discovery:discover_packages(ignore) check parameters
[0.179s] Level 1:colcon.colcon_core.package_discovery:discover_packages(path) check parameters
[0.179s] Level 1:colcon.colcon_core.package_discovery:discover_packages(colcon_meta) discover
[0.179s] Level 1:colcon.colcon_core.package_discovery:discover_packages(recursive) discover
[0.179s] INFO:colcon.colcon_core.package_discovery:Crawling recursively for packages in '/home/alpaca/Documents/robot/RemoteControlTurtle'
[0.179s] Level 1:colcon.colcon_core.package_identification:_identify(.) by extensions ['ignore', 'ignore_ament_install']
[0.179s] Level 1:colcon.colcon_core.package_identification:_identify(.) by extension 'ignore'
[0.179s] Level 1:colcon.colcon_core.package_identification:_identify(.) by extension 'ignore_ament_install'
[0.180s] Level 1:colcon.colcon_core.package_identification:_identify(.) by extensions ['colcon_pkg']
[0.180s] Level 1:colcon.colcon_core.package_identification:_identify(.) by extension 'colcon_pkg'
[0.180s] Level 1:colcon.colcon_core.package_identification:_identify(.) by extensions ['colcon_meta']
[0.180s] Level 1:colcon.colcon_core.package_identification:_identify(.) by extension 'colcon_meta'
[0.180s] Level 1:colcon.colcon_core.package_identification:_identify(.) by extensions ['ros']
[0.180s] Level 1:colcon.colcon_core.package_identification:_identify(.) by extension 'ros'
[0.208s] Level 1:colcon.colcon_core.package_identification:_identify(.) by extensions ['cmake', 'python']
[0.208s] Level 1:colcon.colcon_core.package_identification:_identify(.) by extension 'cmake'
[0.208s] Level 1:colcon.colcon_core.package_identification:_identify(.) by extension 'python'
[0.208s] Level 1:colcon.colcon_core.package_identification:_identify(.) by extensions ['python_setup_py']
[0.208s] Level 1:colcon.colcon_core.package_identification:_identify(.) by extension 'python_setup_py'
[0.208s] Level 1:colcon.colcon_core.package_identification:_identify(build) by extensions ['ignore', 'ignore_ament_install']
[0.208s] Level 1:colcon.colcon_core.package_identification:_identify(build) by extension 'ignore'
[0.209s] Level 1:colcon.colcon_core.package_identification:_identify(build) ignored
[0.209s] Level 1:colcon.colcon_core.package_identification:_identify(install) by extensions ['ignore', 'ignore_ament_install']
[0.209s] Level 1:colcon.colcon_core.package_identification:_identify(install) by extension 'ignore'
[0.209s] Level 1:colcon.colcon_core.package_identification:_identify(install) ignored
[0.209s] Level 1:colcon.colcon_core.package_identification:_identify(log) by extensions ['ignore', 'ignore_ament_install']
[0.209s] Level 1:colcon.colcon_core.package_identification:_identify(log) by extension 'ignore'
[0.209s] Level 1:colcon.colcon_core.package_identification:_identify(log) ignored
[0.209s] Level 1:colcon.colcon_core.package_identification:_identify(src) by extensions ['ignore', 'ignore_ament_install']
[0.209s] Level 1:colcon.colcon_core.package_identification:_identify(src) by extension 'ignore'
[0.210s] Level 1:colcon.colcon_core.package_identification:_identify(src) by extension 'ignore_ament_install'
[0.210s] Level 1:colcon.colcon_core.package_identification:_identify(src) by extensions ['colcon_pkg']
[0.210s] Level 1:colcon.colcon_core.package_identification:_identify(src) by extension 'colcon_pkg'
[0.210s] Level 1:colcon.colcon_core.package_identification:_identify(src) by extensions ['colcon_meta']
[0.210s] Level 1:colcon.colcon_core.package_identification:_identify(src) by extension 'colcon_meta'
[0.210s] Level 1:colcon.colcon_core.package_identification:_identify(src) by extensions ['ros']
[0.210s] Level 1:colcon.colcon_core.package_identification:_identify(src) by extension 'ros'
[0.210s] Level 1:colcon.colcon_core.package_identification:_identify(src) by extensions ['cmake', 'python']
[0.210s] Level 1:colcon.colcon_core.package_identification:_identify(src) by extension 'cmake'
[0.210s] Level 1:colcon.colcon_core.package_identification:_identify(src) by extension 'python'
[0.210s] Level 1:colcon.colcon_core.package_identification:_identify(src) by extensions ['python_setup_py']
[0.211s] Level 1:colcon.colcon_core.package_identification:_identify(src) by extension 'python_setup_py'
[0.211s] Level 1:colcon.colcon_core.package_identification:_identify(src/joy_to_turtle) by extensions ['ignore', 'ignore_ament_install']
[0.211s] Level 1:colcon.colcon_core.package_identification:_identify(src/joy_to_turtle) by extension 'ignore'
[0.211s] Level 1:colcon.colcon_core.package_identification:_identify(src/joy_to_turtle) by extension 'ignore_ament_install'
[0.211s] Level 1:colcon.colcon_core.package_identification:_identify(src/joy_to_turtle) by extensions ['colcon_pkg']
[0.211s] Level 1:colcon.colcon_core.package_identification:_identify(src/joy_to_turtle) by extension 'colcon_pkg'
[0.211s] Level 1:colcon.colcon_core.package_identification:_identify(src/joy_to_turtle) by extensions ['colcon_meta']
[0.211s] Level 1:colcon.colcon_core.package_identification:_identify(src/joy_to_turtle) by extension 'colcon_meta'
[0.211s] Level 1:colcon.colcon_core.package_identification:_identify(src/joy_to_turtle) by extensions ['ros']
[0.211s] Level 1:colcon.colcon_core.package_identification:_identify(src/joy_to_turtle) by extension 'ros'
[0.215s] DEBUG:colcon.colcon_core.package_identification:Package 'src/joy_to_turtle' with type 'ros.ament_python' and name 'joy_to_turtle'
[0.215s] Level 1:colcon.colcon_core.package_discovery:discover_packages(recursive) using defaults
[0.215s] Level 1:colcon.colcon_core.package_discovery:discover_packages(ignore) discover
[0.215s] Level 1:colcon.colcon_core.package_discovery:discover_packages(ignore) using defaults
[0.215s] Level 1:colcon.colcon_core.package_discovery:discover_packages(path) discover
[0.215s] Level 1:colcon.colcon_core.package_discovery:discover_packages(path) using defaults
[0.234s] Level 1:colcon.colcon_core.package_discovery:discover_packages(prefix_path) check parameters
[0.234s] Level 1:colcon.colcon_core.package_discovery:discover_packages(prefix_path) discover
[0.236s] DEBUG:colcon.colcon_installed_package_information.package_discovery:Found 2 installed packages in /home/alpaca/Documents/robot/RemoteControlTurtle/install
[0.238s] DEBUG:colcon.colcon_installed_package_information.package_discovery:Found 285 installed packages in /opt/ros/jazzy
[0.239s] Level 1:colcon.colcon_core.package_discovery:discover_packages(prefix_path) using defaults
[0.290s] Level 5:colcon.colcon_core.verb:set package 'joy_to_turtle' build argument 'cmake_args' from command line to 'None'
[0.290s] Level 5:colcon.colcon_core.verb:set package 'joy_to_turtle' build argument 'cmake_target' from command line to 'None'
[0.290s] Level 5:colcon.colcon_core.verb:set package 'joy_to_turtle' build argument 'cmake_target_skip_unavailable' from command line to 'False'
[0.290s] Level 5:colcon.colcon_core.verb:set package 'joy_to_turtle' build argument 'cmake_clean_cache' from command line to 'False'
[0.290s] Level 5:colcon.colcon_core.verb:set package 'joy_to_turtle' build argument 'cmake_clean_first' from command line to 'False'
[0.290s] Level 5:colcon.colcon_core.verb:set package 'joy_to_turtle' build argument 'cmake_force_configure' from command line to 'False'
[0.290s] Level 5:colcon.colcon_core.verb:set package 'joy_to_turtle' build argument 'ament_cmake_args' from command line to 'None'
[0.290s] Level 5:colcon.colcon_core.verb:set package 'joy_to_turtle' build argument 'catkin_cmake_args' from command line to 'None'
[0.290s] Level 5:colcon.colcon_core.verb:set package 'joy_to_turtle' build argument 'catkin_skip_building_tests' from command line to 'False'
[0.290s] DEBUG:colcon.colcon_core.verb:Building package 'joy_to_turtle' with the following arguments: {'ament_cmake_args': None, 'build_base': '/home/alpaca/Documents/robot/RemoteControlTurtle/build/joy_to_turtle', 'catkin_cmake_args': None, 'catkin_skip_building_tests': False, 'cmake_args': None, 'cmake_clean_cache': False, 'cmake_clean_first': False, 'cmake_force_configure': False, 'cmake_target': None, 'cmake_target_skip_unavailable': False, 'install_base': '/home/alpaca/Documents/robot/RemoteControlTurtle/install/joy_to_turtle', 'merge_install': False, 'path': '/home/alpaca/Documents/robot/RemoteControlTurtle/src/joy_to_turtle', 'symlink_install': False, 'test_result_base': None}
[0.290s] INFO:colcon.colcon_core.executor:Executing jobs using 'parallel' executor
[0.291s] DEBUG:colcon.colcon_parallel_executor.executor.parallel:run_until_complete
[0.292s] INFO:colcon.colcon_ros.task.ament_python.build:Building ROS package in '/home/alpaca/Documents/robot/RemoteControlTurtle/src/joy_to_turtle' with build type 'ament_python'
[0.292s] Level 1:colcon.colcon_core.shell:create_environment_hook('joy_to_turtle', 'ament_prefix_path')
[0.294s] INFO:colcon.colcon_core.plugin_system:Skipping extension 'colcon_core.shell.bat': Not used on non-Windows systems
[0.294s] INFO:colcon.colcon_core.shell:Creating environment hook '/home/alpaca/Documents/robot/RemoteControlTurtle/install/joy_to_turtle/share/joy_to_turtle/hook/ament_prefix_path.ps1'
[0.295s] INFO:colcon.colcon_core.shell:Creating environment descriptor '/home/alpaca/Documents/robot/RemoteControlTurtle/install/joy_to_turtle/share/joy_to_turtle/hook/ament_prefix_path.dsv'
[0.296s] INFO:colcon.colcon_core.shell:Creating environment hook '/home/alpaca/Documents/robot/RemoteControlTurtle/install/joy_to_turtle/share/joy_to_turtle/hook/ament_prefix_path.sh'
[0.297s] INFO:colcon.colcon_core.shell:Skip shell extension 'powershell' for command environment: Not usable outside of PowerShell
[0.297s] DEBUG:colcon.colcon_core.shell:Skip shell extension 'dsv' for command environment
[0.549s] INFO:colcon.colcon_core.task.python.build:Building Python package in '/home/alpaca/Documents/robot/RemoteControlTurtle/src/joy_to_turtle'
[0.550s] INFO:colcon.colcon_core.shell:Skip shell extension 'powershell' for command environment: Not usable outside of PowerShell
[0.550s] DEBUG:colcon.colcon_core.shell:Skip shell extension 'dsv' for command environment
[1.271s] DEBUG:colcon.colcon_core.event_handler.log_command:Invoking command in '/home/alpaca/Documents/robot/RemoteControlTurtle/src/joy_to_turtle': DEBUGINFOD_URLS=https://debuginfod.ubuntu.com PYTHONPATH=/home/alpaca/Documents/robot/RemoteControlTurtle/build/joy_to_turtle/prefix_override:/usr/lib/python3/dist-packages/colcon_core/task/python/colcon_distutils_commands:/home/alpaca/Documents/robot/RemoteControlTurtle/install/joy_to_turtle/lib/python3.12/site-packages:${PYTHONPATH} /usr/bin/python3 -W ignore:setup.py install is deprecated -W ignore:easy_install command is deprecated setup.py egg_info --egg-base ../../build/joy_to_turtle build --build-base /home/alpaca/Documents/robot/RemoteControlTurtle/build/joy_to_turtle/build install --record /home/alpaca/Documents/robot/RemoteControlTurtle/build/joy_to_turtle/install.log --single-version-externally-managed install_data
[1.930s] DEBUG:colcon.colcon_core.event_handler.log_command:Invoked command in '/home/alpaca/Documents/robot/RemoteControlTurtle/src/joy_to_turtle' returned '0': DEBUGINFOD_URLS=https://debuginfod.ubuntu.com PYTHONPATH=/home/alpaca/Documents/robot/RemoteControlTurtle/build/joy_to_turtle/prefix_override:/usr/lib/python3/dist-packages/colcon_core/task/python/colcon_distutils_commands:/home/alpaca/Documents/robot/RemoteControlTurtle/install/joy_to_turtle/lib/python3.12/site-packages:${PYTHONPATH} /usr/bin/python3 -W ignore:setup.py install is deprecated -W ignore:easy_install command is deprecated setup.py egg_info --egg-base ../../build/joy_to_turtle build --build-base /home/alpaca/Documents/robot/RemoteControlTurtle/build/joy_to_turtle/build install --record /home/alpaca/Documents/robot/RemoteControlTurtle/build/joy_to_turtle/install.log --single-version-externally-managed install_data
[1.932s] Level 1:colcon.colcon_core.environment:checking '/home/alpaca/Documents/robot/RemoteControlTurtle/install/joy_to_turtle' for CMake module files
[1.932s] Level 1:colcon.colcon_core.environment:checking '/home/alpaca/Documents/robot/RemoteControlTurtle/install/joy_to_turtle' for CMake config files
[1.933s] Level 1:colcon.colcon_core.environment:checking '/home/alpaca/Documents/robot/RemoteControlTurtle/install/joy_to_turtle/lib'
[1.933s] Level 1:colcon.colcon_core.environment:checking '/home/alpaca/Documents/robot/RemoteControlTurtle/install/joy_to_turtle/bin'
[1.933s] Level 1:colcon.colcon_core.environment:checking '/home/alpaca/Documents/robot/RemoteControlTurtle/install/joy_to_turtle/lib/pkgconfig/joy_to_turtle.pc'
[1.934s] Level 1:colcon.colcon_core.environment:checking '/home/alpaca/Documents/robot/RemoteControlTurtle/install/joy_to_turtle/lib/python3.12/site-packages'
[1.934s] Level 1:colcon.colcon_core.shell:create_environment_hook('joy_to_turtle', 'pythonpath')
[1.934s] INFO:colcon.colcon_core.shell:Creating environment hook '/home/alpaca/Documents/robot/RemoteControlTurtle/install/joy_to_turtle/share/joy_to_turtle/hook/pythonpath.ps1'
[1.934s] INFO:colcon.colcon_core.shell:Creating environment descriptor '/home/alpaca/Documents/robot/RemoteControlTurtle/install/joy_to_turtle/share/joy_to_turtle/hook/pythonpath.dsv'
[1.935s] INFO:colcon.colcon_core.shell:Creating environment hook '/home/alpaca/Documents/robot/RemoteControlTurtle/install/joy_to_turtle/share/joy_to_turtle/hook/pythonpath.sh'
[1.935s] Level 1:colcon.colcon_core.environment:checking '/home/alpaca/Documents/robot/RemoteControlTurtle/install/joy_to_turtle/bin'
[1.935s] Level 1:colcon.colcon_core.environment:create_environment_scripts_only(joy_to_turtle)
[1.936s] INFO:colcon.colcon_core.shell:Creating package script '/home/alpaca/Documents/robot/RemoteControlTurtle/install/joy_to_turtle/share/joy_to_turtle/package.ps1'
[1.936s] INFO:colcon.colcon_core.shell:Creating package descriptor '/home/alpaca/Documents/robot/RemoteControlTurtle/install/joy_to_turtle/share/joy_to_turtle/package.dsv'
[1.937s] INFO:colcon.colcon_core.shell:Creating package script '/home/alpaca/Documents/robot/RemoteControlTurtle/install/joy_to_turtle/share/joy_to_turtle/package.sh'
[1.938s] INFO:colcon.colcon_core.shell:Creating package script '/home/alpaca/Documents/robot/RemoteControlTurtle/install/joy_to_turtle/share/joy_to_turtle/package.bash'
[1.938s] INFO:colcon.colcon_core.shell:Creating package script '/home/alpaca/Documents/robot/RemoteControlTurtle/install/joy_to_turtle/share/joy_to_turtle/package.zsh'
[1.939s] Level 1:colcon.colcon_core.environment:create_file_with_runtime_dependencies(/home/alpaca/Documents/robot/RemoteControlTurtle/install/joy_to_turtle/share/colcon-core/packages/joy_to_turtle)
[1.939s] DEBUG:colcon.colcon_parallel_executor.executor.parallel:closing loop
[1.939s] DEBUG:colcon.colcon_parallel_executor.executor.parallel:loop closed
[1.939s] DEBUG:colcon.colcon_parallel_executor.executor.parallel:run_until_complete finished with '0'
[1.940s] DEBUG:colcon.colcon_core.event_reactor:joining thread
[1.946s] INFO:colcon.colcon_core.plugin_system:Skipping extension 'colcon_notification.desktop_notification.terminal_notifier': Not used on non-Darwin systems
[1.946s] INFO:colcon.colcon_core.plugin_system:Skipping extension 'colcon_notification.desktop_notification.win32': Not used on non-Windows systems
[1.947s] INFO:colcon.colcon_notification.desktop_notification:Sending desktop notification using 'notify2'
[1.961s] DEBUG:colcon.colcon_core.event_reactor:joined thread
[1.962s] INFO:colcon.colcon_core.shell:Creating prefix script '/home/alpaca/Documents/robot/RemoteControlTurtle/install/local_setup.ps1'
[1.963s] INFO:colcon.colcon_core.shell:Creating prefix util module '/home/alpaca/Documents/robot/RemoteControlTurtle/install/_local_setup_util_ps1.py'
[1.964s] INFO:colcon.colcon_core.shell:Creating prefix chain script '/home/alpaca/Documents/robot/RemoteControlTurtle/install/setup.ps1'
[1.965s] INFO:colcon.colcon_core.shell:Creating prefix script '/home/alpaca/Documents/robot/RemoteControlTurtle/install/local_setup.sh'
[1.965s] INFO:colcon.colcon_core.shell:Creating prefix util module '/home/alpaca/Documents/robot/RemoteControlTurtle/install/_local_setup_util_sh.py'
[1.966s] INFO:colcon.colcon_core.shell:Creating prefix chain script '/home/alpaca/Documents/robot/RemoteControlTurtle/install/setup.sh'
[1.967s] INFO:colcon.colcon_core.shell:Creating prefix script '/home/alpaca/Documents/robot/RemoteControlTurtle/install/local_setup.bash'
[1.967s] INFO:colcon.colcon_core.shell:Creating prefix chain script '/home/alpaca/Documents/robot/RemoteControlTurtle/install/setup.bash'
[1.968s] INFO:colcon.colcon_core.shell:Creating prefix script '/home/alpaca/Documents/robot/RemoteControlTurtle/install/local_setup.zsh'
[1.968s] INFO:colcon.colcon_core.shell:Creating prefix chain script '/home/alpaca/Documents/robot/RemoteControlTurtle/install/setup.zsh'
