[0.014s] Invoking command in '/home/alpaca/Documents/robot/RemoteControlTurtle/build/turtlesim': CMAKE_PREFIX_PATH=${CMAKE_PREFIX_PATH}:/opt/ros/jazzy DEBUGINFOD_URLS=https://debuginfod.ubuntu.com /usr/bin/cmake /home/alpaca/Documents/robot/RemoteControlTurtle/src/turtlesim -DCMAKE_INSTALL_PREFIX=/home/alpaca/Documents/robot/RemoteControlTurtle/install/turtlesim
[0.320s] -- The C compiler identification is GNU 13.3.0
[0.512s] -- The CXX compiler identification is GNU 13.3.0
[0.540s] -- Detecting C compiler ABI info
[0.650s] -- Detecting C compiler ABI info - done
[0.661s] -- Check for working C compiler: /usr/bin/cc - skipped
[0.662s] -- Detecting C compile features
[0.663s] -- Detecting C compile features - done
[0.674s] -- Detecting CXX compiler ABI info
[0.786s] -- Detecting CXX compiler ABI info - done
[0.798s] -- Check for working CXX compiler: /usr/bin/c++ - skipped
[0.798s] -- Detecting CXX compile features
[0.799s] -- Detecting CXX compile features - done
[0.806s] -- Found ament_cmake: 2.5.4 (/opt/ros/jazzy/share/ament_cmake/cmake)
[0.973s] -- Found Python3: /usr/bin/python3 (found version "3.12.3") found components: Interpreter 
[1.124s] -- Found ament_index_cpp: 1.8.1 (/opt/ros/jazzy/share/ament_index_cpp/cmake)
[1.128s] -- Found geometry_msgs: 5.3.6 (/opt/ros/jazzy/share/geometry_msgs/cmake)
[1.207s] -- Found rosidl_generator_c: 4.6.5 (/opt/ros/jazzy/share/rosidl_generator_c/cmake)
[1.228s] -- Found rosidl_generator_cpp: 4.6.5 (/opt/ros/jazzy/share/rosidl_generator_cpp/cmake)
[1.259s] -- Using all available rosidl_typesupport_c: rosidl_typesupport_fastrtps_c;rosidl_typesupport_introspection_c
[1.292s] -- Using all available rosidl_typesupport_cpp: rosidl_typesupport_fastrtps_cpp;rosidl_typesupport_introspection_cpp
[1.433s] -- Found rcl_interfaces: 2.0.2 (/opt/ros/jazzy/share/rcl_interfaces/cmake)
[1.511s] -- Found rclcpp: 28.1.9 (/opt/ros/jazzy/share/rclcpp/cmake)
[1.560s] -- Found rmw_implementation_cmake: 7.3.2 (/opt/ros/jazzy/share/rmw_implementation_cmake/cmake)
[1.566s] -- Found rmw_fastrtps_cpp: 8.4.2 (/opt/ros/jazzy/share/rmw_fastrtps_cpp/cmake)
[1.682s] -- Found OpenSSL: /usr/lib/x86_64-linux-gnu/libcrypto.so (found version "3.0.13")  
[1.710s] -- Found FastRTPS: /opt/ros/jazzy/include (Required is at least version "2.13") 
[1.738s] -- Using RMW implementation 'rmw_fastrtps_cpp' as default
[1.860s] -- Found rclcpp_action: 28.1.9 (/opt/ros/jazzy/share/rclcpp_action/cmake)
[1.938s] -- Found rosidl_default_generators: 1.6.0 (/opt/ros/jazzy/share/rosidl_default_generators/cmake)
[1.962s] -- Found rosidl_adapter: 4.6.5 (/opt/ros/jazzy/share/rosidl_adapter/cmake)
[1.969s] -- Found std_srvs: 5.3.6 (/opt/ros/jazzy/share/std_srvs/cmake)
[2.746s] -- Found ament_cmake_ros: 0.12.0 (/opt/ros/jazzy/share/ament_cmake_ros/cmake)
[3.584s] -- Using all available rosidl_typesupport_c: rosidl_typesupport_fastrtps_c;rosidl_typesupport_introspection_c
[3.902s] -- Using all available rosidl_typesupport_cpp: rosidl_typesupport_fastrtps_cpp;rosidl_typesupport_introspection_cpp
[3.906s] -- Found python_cmake_module: 0.11.1 (/opt/ros/jazzy/share/python_cmake_module/cmake)
[4.065s] -- Found PythonExtra: /usr/bin/python3  
[4.686s] -- Found Python3: /usr/bin/python3 (found version "3.12.3") found components: Interpreter Development NumPy Development.Module Development.Embed 
[4.745s] -- Found ament_lint_auto: 0.17.2 (/opt/ros/jazzy/share/ament_lint_auto/cmake)
[4.786s] -- Added test 'copyright' to check source files copyright and LICENSE
[4.789s] -- Added test 'cppcheck' to perform static code analysis on C / C++ code
[4.792s] -- Configured cppcheck include dirs: /home/alpaca/Documents/robot/RemoteControlTurtle/src/turtlesim/include
[4.792s] -- Configured cppcheck exclude dirs and/or files: 
[4.795s] -- Added test 'cpplint' to check C / C++ code against the Google style
[4.795s] -- Configured cpplint exclude dirs and/or files: 
[4.796s] -- Added test 'flake8' to check Python code syntax and style conventions
[4.796s] -- Configured 'flake8' exclude dirs and/or files: 
[4.798s] -- Added test 'lint_cmake' to check CMake code style
[4.799s] -- Added test 'pep257' to check Python code against some of the docstring style conventions in PEP 257
[4.802s] -- Added test 'uncrustify' to check C / C++ code style
[4.802s] -- Configured uncrustify additional arguments: 
[4.803s] -- Added test 'xmllint' to check XML markup files
[4.808s] -- Configuring done (4.7s)
[4.915s] -- Generating done (0.1s)
[4.942s] -- Build files have been written to: /home/alpaca/Documents/robot/RemoteControlTurtle/build/turtlesim
[4.960s] Invoked command in '/home/alpaca/Documents/robot/RemoteControlTurtle/build/turtlesim' returned '0': CMAKE_PREFIX_PATH=${CMAKE_PREFIX_PATH}:/opt/ros/jazzy DEBUGINFOD_URLS=https://debuginfod.ubuntu.com /usr/bin/cmake /home/alpaca/Documents/robot/RemoteControlTurtle/src/turtlesim -DCMAKE_INSTALL_PREFIX=/home/alpaca/Documents/robot/RemoteControlTurtle/install/turtlesim
[4.960s] Invoking command in '/home/alpaca/Documents/robot/RemoteControlTurtle/build/turtlesim': CMAKE_PREFIX_PATH=${CMAKE_PREFIX_PATH}:/opt/ros/jazzy DEBUGINFOD_URLS=https://debuginfod.ubuntu.com /usr/bin/cmake --build /home/alpaca/Documents/robot/RemoteControlTurtle/build/turtlesim -- -j8 -l8
[5.021s] [  0%] [34m[1mGenerating type hashes for ROS interfaces[0m
[5.030s] [  0%] Built target ament_cmake_python_copy_turtlesim
[5.301s] running egg_info
[5.302s] creating turtlesim.egg-info
[5.326s] writing turtlesim.egg-info/PKG-INFO
[5.326s] writing dependency_links to turtlesim.egg-info/dependency_links.txt
[5.326s] writing top-level names to turtlesim.egg-info/top_level.txt
[5.326s] writing manifest file 'turtlesim.egg-info/SOURCES.txt'
[5.388s] [  0%] Built target turtlesim__rosidl_generator_type_description
[5.399s] [  1%] [34m[1mGenerating C code for ROS interfaces[0m
[5.407s] reading manifest file 'turtlesim.egg-info/SOURCES.txt'
[5.407s] writing manifest file 'turtlesim.egg-info/SOURCES.txt'
[5.413s] [  2%] [34m[1mGenerating C++ code for ROS interfaces[0m
[5.446s] [  2%] Built target ament_cmake_python_build_turtlesim_egg
[6.547s] [  2%] Built target turtlesim__cpp
[6.756s] [  5%] [32mBuilding C object CMakeFiles/turtlesim__rosidl_generator_c.dir/rosidl_generator_c/turtlesim/msg/detail/color__description.c.o[0m
[6.757s] [  5%] [32mBuilding C object CMakeFiles/turtlesim__rosidl_generator_c.dir/rosidl_generator_c/turtlesim/action/detail/rotate_absolute__type_support.c.o[0m
[6.757s] [  6%] [32mBuilding C object CMakeFiles/turtlesim__rosidl_generator_c.dir/rosidl_generator_c/turtlesim/action/detail/rotate_absolute__functions.c.o[0m
[6.757s] [  5%] [32mBuilding C object CMakeFiles/turtlesim__rosidl_generator_c.dir/rosidl_generator_c/turtlesim/action/detail/rotate_absolute__description.c.o[0m
[6.757s] [  6%] [32mBuilding C object CMakeFiles/turtlesim__rosidl_generator_c.dir/rosidl_generator_c/turtlesim/msg/detail/color__type_support.c.o[0m
[6.757s] [  7%] [32mBuilding C object CMakeFiles/turtlesim__rosidl_generator_c.dir/rosidl_generator_c/turtlesim/msg/detail/pose__description.c.o[0m
[6.758s] [  8%] [32mBuilding C object CMakeFiles/turtlesim__rosidl_generator_c.dir/rosidl_generator_c/turtlesim/msg/detail/color__functions.c.o[0m
[6.758s] [  9%] [32mBuilding C object CMakeFiles/turtlesim__rosidl_generator_c.dir/rosidl_generator_c/turtlesim/msg/detail/pose__functions.c.o[0m
[6.848s] [ 10%] [32mBuilding C object CMakeFiles/turtlesim__rosidl_generator_c.dir/rosidl_generator_c/turtlesim/msg/detail/pose__type_support.c.o[0m
[6.864s] [ 12%] [32mBuilding C object CMakeFiles/turtlesim__rosidl_generator_c.dir/rosidl_generator_c/turtlesim/srv/detail/kill__description.c.o[0m
[6.865s] [ 12%] [32mBuilding C object CMakeFiles/turtlesim__rosidl_generator_c.dir/rosidl_generator_c/turtlesim/srv/detail/kill__functions.c.o[0m
[6.872s] [ 13%] [32mBuilding C object CMakeFiles/turtlesim__rosidl_generator_c.dir/rosidl_generator_c/turtlesim/srv/detail/kill__type_support.c.o[0m
[6.898s] [ 13%] [32mBuilding C object CMakeFiles/turtlesim__rosidl_generator_c.dir/rosidl_generator_c/turtlesim/srv/detail/set_pen__description.c.o[0m
[6.901s] [ 14%] [32mBuilding C object CMakeFiles/turtlesim__rosidl_generator_c.dir/rosidl_generator_c/turtlesim/srv/detail/set_pen__functions.c.o[0m
[6.917s] [ 15%] [32mBuilding C object CMakeFiles/turtlesim__rosidl_generator_c.dir/rosidl_generator_c/turtlesim/srv/detail/set_pen__type_support.c.o[0m
[6.961s] [ 16%] [32mBuilding C object CMakeFiles/turtlesim__rosidl_generator_c.dir/rosidl_generator_c/turtlesim/srv/detail/spawn__description.c.o[0m
[6.978s] [ 17%] [32mBuilding C object CMakeFiles/turtlesim__rosidl_generator_c.dir/rosidl_generator_c/turtlesim/srv/detail/spawn__functions.c.o[0m
[6.997s] [ 18%] [32mBuilding C object CMakeFiles/turtlesim__rosidl_generator_c.dir/rosidl_generator_c/turtlesim/srv/detail/spawn__type_support.c.o[0m
[7.005s] [ 19%] [32mBuilding C object CMakeFiles/turtlesim__rosidl_generator_c.dir/rosidl_generator_c/turtlesim/srv/detail/teleport_absolute__description.c.o[0m
[7.010s] [ 20%] [32mBuilding C object CMakeFiles/turtlesim__rosidl_generator_c.dir/rosidl_generator_c/turtlesim/srv/detail/teleport_absolute__functions.c.o[0m
[7.059s] [ 21%] [32mBuilding C object CMakeFiles/turtlesim__rosidl_generator_c.dir/rosidl_generator_c/turtlesim/srv/detail/teleport_relative__description.c.o[0m
[7.059s] [ 21%] [32mBuilding C object CMakeFiles/turtlesim__rosidl_generator_c.dir/rosidl_generator_c/turtlesim/srv/detail/teleport_absolute__type_support.c.o[0m
[7.103s] [ 22%] [32mBuilding C object CMakeFiles/turtlesim__rosidl_generator_c.dir/rosidl_generator_c/turtlesim/srv/detail/teleport_relative__functions.c.o[0m
[7.115s] [ 23%] [32mBuilding C object CMakeFiles/turtlesim__rosidl_generator_c.dir/rosidl_generator_c/turtlesim/srv/detail/teleport_relative__type_support.c.o[0m
[7.242s] [ 24%] [32m[1mLinking C shared library libturtlesim__rosidl_generator_c.so[0m
[7.298s] [ 24%] Built target turtlesim__rosidl_generator_c
[7.312s] [ 25%] [34m[1mGenerating C type support for eProsima Fast-RTPS[0m
[7.316s] [ 26%] [34m[1mGenerating C++ type support dispatch for ROS interfaces[0m
[7.316s] [ 28%] [34m[1mGenerating C++ type support for eProsima Fast-RTPS[0m
[7.316s] [ 28%] [34m[1mGenerating C type support dispatch for ROS interfaces[0m
[7.317s] [ 29%] [34m[1mGenerating C introspection for ROS interfaces[0m
[7.322s] [ 29%] [34m[1mGenerating C++ introspection for ROS interfaces[0m
[8.061s] [ 31%] [32mBuilding CXX object CMakeFiles/turtlesim__rosidl_typesupport_c.dir/rosidl_typesupport_c/turtlesim/msg/color__type_support.cpp.o[0m
[8.062s] [ 31%] [32mBuilding CXX object CMakeFiles/turtlesim__rosidl_typesupport_c.dir/rosidl_typesupport_c/turtlesim/action/rotate_absolute__type_support.cpp.o[0m
[8.063s] [ 32%] [32mBuilding CXX object CMakeFiles/turtlesim__rosidl_typesupport_c.dir/rosidl_typesupport_c/turtlesim/msg/pose__type_support.cpp.o[0m
[8.169s] [ 33%] [32mBuilding CXX object CMakeFiles/turtlesim__rosidl_typesupport_c.dir/rosidl_typesupport_c/turtlesim/srv/set_pen__type_support.cpp.o[0m
[8.173s] [ 34%] [32mBuilding CXX object CMakeFiles/turtlesim__rosidl_typesupport_c.dir/rosidl_typesupport_c/turtlesim/srv/kill__type_support.cpp.o[0m
[8.211s] [ 34%] [32mBuilding CXX object CMakeFiles/turtlesim__rosidl_typesupport_c.dir/rosidl_typesupport_c/turtlesim/srv/spawn__type_support.cpp.o[0m
[8.276s] [ 35%] [32mBuilding CXX object CMakeFiles/turtlesim__rosidl_typesupport_c.dir/rosidl_typesupport_c/turtlesim/srv/teleport_absolute__type_support.cpp.o[0m
[8.292s] [ 36%] [32mBuilding CXX object CMakeFiles/turtlesim__rosidl_typesupport_c.dir/rosidl_typesupport_c/turtlesim/srv/teleport_relative__type_support.cpp.o[0m
[8.395s] [ 37%] [32m[1mLinking CXX shared library libturtlesim__rosidl_typesupport_c.so[0m
[8.480s] [ 37%] Built target turtlesim__rosidl_typesupport_c
[8.495s] [ 39%] [32mBuilding CXX object CMakeFiles/turtlesim__rosidl_typesupport_cpp.dir/rosidl_typesupport_cpp/turtlesim/action/rotate_absolute__type_support.cpp.o[0m
[8.495s] [ 39%] [32mBuilding CXX object CMakeFiles/turtlesim__rosidl_typesupport_cpp.dir/rosidl_typesupport_cpp/turtlesim/msg/color__type_support.cpp.o[0m
[8.496s] [ 40%] [32mBuilding CXX object CMakeFiles/turtlesim__rosidl_typesupport_cpp.dir/rosidl_typesupport_cpp/turtlesim/msg/pose__type_support.cpp.o[0m
[8.496s] [ 40%] [32mBuilding CXX object CMakeFiles/turtlesim__rosidl_typesupport_cpp.dir/rosidl_typesupport_cpp/turtlesim/srv/kill__type_support.cpp.o[0m
[9.100s] [ 41%] [32mBuilding CXX object CMakeFiles/turtlesim__rosidl_typesupport_introspection_cpp.dir/rosidl_typesupport_introspection_cpp/turtlesim/action/detail/rotate_absolute__type_support.cpp.o[0m
[9.232s] [ 42%] [32mBuilding C object CMakeFiles/turtlesim__rosidl_typesupport_introspection_c.dir/rosidl_typesupport_introspection_c/turtlesim/action/detail/rotate_absolute__type_support.c.o[0m
[9.286s] [ 43%] [32mBuilding C object CMakeFiles/turtlesim__rosidl_typesupport_introspection_c.dir/rosidl_typesupport_introspection_c/turtlesim/msg/detail/color__type_support.c.o[0m
[9.325s] [ 44%] [32mBuilding CXX object CMakeFiles/turtlesim__rosidl_typesupport_introspection_cpp.dir/rosidl_typesupport_introspection_cpp/turtlesim/msg/detail/color__type_support.cpp.o[0m
[9.371s] [ 45%] [32mBuilding CXX object CMakeFiles/turtlesim__rosidl_typesupport_introspection_cpp.dir/rosidl_typesupport_introspection_cpp/turtlesim/msg/detail/pose__type_support.cpp.o[0m
[9.389s] [ 45%] [32mBuilding C object CMakeFiles/turtlesim__rosidl_typesupport_introspection_c.dir/rosidl_typesupport_introspection_c/turtlesim/msg/detail/pose__type_support.c.o[0m
[9.501s] [ 46%] [32mBuilding C object CMakeFiles/turtlesim__rosidl_typesupport_introspection_c.dir/rosidl_typesupport_introspection_c/turtlesim/srv/detail/set_pen__type_support.c.o[0m
[9.504s] [ 47%] [32mBuilding C object CMakeFiles/turtlesim__rosidl_typesupport_introspection_c.dir/rosidl_typesupport_introspection_c/turtlesim/srv/detail/kill__type_support.c.o[0m
[9.660s] [ 48%] [32mBuilding C object CMakeFiles/turtlesim__rosidl_typesupport_introspection_c.dir/rosidl_typesupport_introspection_c/turtlesim/srv/detail/spawn__type_support.c.o[0m
[9.676s] [ 49%] [32mBuilding C object CMakeFiles/turtlesim__rosidl_typesupport_introspection_c.dir/rosidl_typesupport_introspection_c/turtlesim/srv/detail/teleport_absolute__type_support.c.o[0m
[9.848s] [ 50%] [32mBuilding CXX object CMakeFiles/turtlesim__rosidl_typesupport_introspection_cpp.dir/rosidl_typesupport_introspection_cpp/turtlesim/srv/detail/kill__type_support.cpp.o[0m
[9.866s] [ 51%] [32mBuilding C object CMakeFiles/turtlesim__rosidl_typesupport_introspection_c.dir/rosidl_typesupport_introspection_c/turtlesim/srv/detail/teleport_relative__type_support.c.o[0m
[9.991s] [ 52%] [32m[1mLinking C shared library libturtlesim__rosidl_typesupport_introspection_c.so[0m
[10.032s] [ 52%] [32mBuilding CXX object CMakeFiles/turtlesim__rosidl_typesupport_fastrtps_c.dir/rosidl_typesupport_fastrtps_c/turtlesim/action/detail/rotate_absolute__type_support_c.cpp.o[0m
[10.092s] [ 52%] Built target turtlesim__rosidl_typesupport_introspection_c
[10.119s] [ 53%] [32mBuilding CXX object CMakeFiles/turtlesim__rosidl_typesupport_introspection_cpp.dir/rosidl_typesupport_introspection_cpp/turtlesim/srv/detail/set_pen__type_support.cpp.o[0m
[10.124s] [ 54%] [32mBuilding CXX object CMakeFiles/turtlesim__rosidl_typesupport_fastrtps_c.dir/rosidl_typesupport_fastrtps_c/turtlesim/msg/detail/color__type_support_c.cpp.o[0m
[10.151s] [ 55%] [32mBuilding CXX object CMakeFiles/turtlesim__rosidl_typesupport_cpp.dir/rosidl_typesupport_cpp/turtlesim/srv/set_pen__type_support.cpp.o[0m
[10.266s] [ 56%] [32mBuilding CXX object CMakeFiles/turtlesim__rosidl_typesupport_fastrtps_cpp.dir/rosidl_typesupport_fastrtps_cpp/turtlesim/action/detail/dds_fastrtps/rotate_absolute__type_support.cpp.o[0m
[10.275s] [ 57%] [32mBuilding CXX object CMakeFiles/turtlesim__rosidl_typesupport_cpp.dir/rosidl_typesupport_cpp/turtlesim/srv/spawn__type_support.cpp.o[0m
[10.812s] [ 58%] [32mBuilding CXX object CMakeFiles/turtlesim__rosidl_typesupport_fastrtps_cpp.dir/rosidl_typesupport_fastrtps_cpp/turtlesim/msg/detail/dds_fastrtps/color__type_support.cpp.o[0m
[10.938s] [ 59%] [32mBuilding CXX object CMakeFiles/turtlesim__rosidl_typesupport_fastrtps_c.dir/rosidl_typesupport_fastrtps_c/turtlesim/msg/detail/pose__type_support_c.cpp.o[0m
[11.129s] [ 60%] [32mBuilding CXX object CMakeFiles/turtlesim__rosidl_typesupport_fastrtps_cpp.dir/rosidl_typesupport_fastrtps_cpp/turtlesim/msg/detail/dds_fastrtps/pose__type_support.cpp.o[0m
[11.166s] [ 61%] [32mBuilding CXX object CMakeFiles/turtlesim__rosidl_typesupport_introspection_cpp.dir/rosidl_typesupport_introspection_cpp/turtlesim/srv/detail/spawn__type_support.cpp.o[0m
[11.248s] [ 62%] [32mBuilding CXX object CMakeFiles/turtlesim__rosidl_typesupport_fastrtps_c.dir/rosidl_typesupport_fastrtps_c/turtlesim/srv/detail/kill__type_support_c.cpp.o[0m
[11.333s] [ 63%] [32mBuilding CXX object CMakeFiles/turtlesim__rosidl_typesupport_cpp.dir/rosidl_typesupport_cpp/turtlesim/srv/teleport_absolute__type_support.cpp.o[0m
[11.592s] [ 64%] [32mBuilding CXX object CMakeFiles/turtlesim__rosidl_typesupport_cpp.dir/rosidl_typesupport_cpp/turtlesim/srv/teleport_relative__type_support.cpp.o[0m
[11.897s] [ 65%] [32mBuilding CXX object CMakeFiles/turtlesim__rosidl_typesupport_fastrtps_cpp.dir/rosidl_typesupport_fastrtps_cpp/turtlesim/srv/detail/dds_fastrtps/kill__type_support.cpp.o[0m
[12.026s] [ 65%] [32mBuilding CXX object CMakeFiles/turtlesim__rosidl_typesupport_fastrtps_cpp.dir/rosidl_typesupport_fastrtps_cpp/turtlesim/srv/detail/dds_fastrtps/set_pen__type_support.cpp.o[0m
[12.188s] [ 65%] [32mBuilding CXX object CMakeFiles/turtlesim__rosidl_typesupport_introspection_cpp.dir/rosidl_typesupport_introspection_cpp/turtlesim/srv/detail/teleport_absolute__type_support.cpp.o[0m
[12.188s] [ 66%] [32mBuilding CXX object CMakeFiles/turtlesim__rosidl_typesupport_fastrtps_c.dir/rosidl_typesupport_fastrtps_c/turtlesim/srv/detail/set_pen__type_support_c.cpp.o[0m
[12.288s] [ 67%] [32mBuilding CXX object CMakeFiles/turtlesim__rosidl_typesupport_fastrtps_cpp.dir/rosidl_typesupport_fastrtps_cpp/turtlesim/srv/detail/dds_fastrtps/spawn__type_support.cpp.o[0m
[12.361s] [ 68%] [32mBuilding CXX object CMakeFiles/turtlesim__rosidl_typesupport_fastrtps_cpp.dir/rosidl_typesupport_fastrtps_cpp/turtlesim/srv/detail/dds_fastrtps/teleport_absolute__type_support.cpp.o[0m
[12.459s] [ 69%] [32m[1mLinking CXX shared library libturtlesim__rosidl_typesupport_cpp.so[0m
[12.652s] [ 70%] [32mBuilding CXX object CMakeFiles/turtlesim__rosidl_typesupport_introspection_cpp.dir/rosidl_typesupport_introspection_cpp/turtlesim/srv/detail/teleport_relative__type_support.cpp.o[0m
[12.684s] [ 70%] Built target turtlesim__rosidl_typesupport_cpp
[12.701s] [ 71%] [32mBuilding CXX object CMakeFiles/turtlesim__rosidl_typesupport_fastrtps_c.dir/rosidl_typesupport_fastrtps_c/turtlesim/srv/detail/spawn__type_support_c.cpp.o[0m
[13.292s] [ 72%] [32mBuilding CXX object CMakeFiles/turtlesim__rosidl_typesupport_fastrtps_c.dir/rosidl_typesupport_fastrtps_c/turtlesim/srv/detail/teleport_absolute__type_support_c.cpp.o[0m
[13.474s] [ 72%] [32mBuilding CXX object CMakeFiles/turtlesim__rosidl_typesupport_fastrtps_c.dir/rosidl_typesupport_fastrtps_c/turtlesim/srv/detail/teleport_relative__type_support_c.cpp.o[0m
[13.485s] [ 73%] [32mBuilding CXX object CMakeFiles/turtlesim__rosidl_typesupport_fastrtps_cpp.dir/rosidl_typesupport_fastrtps_cpp/turtlesim/srv/detail/dds_fastrtps/teleport_relative__type_support.cpp.o[0m
[13.499s] [ 74%] [34m[1mGenerating include/turtlesim/moc_turtle_frame.cpp[0m
[13.805s] [ 75%] [32mBuilding CXX object CMakeFiles/turtlesim_node.dir/src/turtlesim.cpp.o[0m
[13.883s] [ 76%] [32m[1mLinking CXX shared library libturtlesim__rosidl_typesupport_introspection_cpp.so[0m
[14.105s] [ 77%] [32mBuilding CXX object CMakeFiles/turtle_teleop_key.dir/tutorials/teleop_turtle_key.cpp.o[0m
[14.163s] [ 77%] [32mBuilding CXX object CMakeFiles/draw_square.dir/tutorials/draw_square.cpp.o[0m
[14.175s] [ 78%] [32mBuilding CXX object CMakeFiles/turtlesim_node.dir/src/turtle.cpp.o[0m
[14.194s] [ 78%] Built target turtlesim__rosidl_typesupport_introspection_cpp
[14.211s] [ 79%] [32mBuilding CXX object CMakeFiles/turtlesim_node.dir/src/turtle_frame.cpp.o[0m
[14.596s] [ 79%] [32mBuilding CXX object CMakeFiles/turtlesim_node.dir/include/turtlesim/moc_turtle_frame.cpp.o[0m
[14.798s] [ 80%] [32m[1mLinking CXX shared library libturtlesim__rosidl_typesupport_fastrtps_c.so[0m
[14.929s] [ 81%] [32m[1mLinking CXX shared library libturtlesim__rosidl_typesupport_fastrtps_cpp.so[0m
[14.998s] [ 81%] Built target turtlesim__rosidl_typesupport_fastrtps_c
[15.057s] [ 82%] [32mBuilding CXX object CMakeFiles/mimic.dir/tutorials/mimic.cpp.o[0m
[15.203s] [ 82%] Built target turtlesim__rosidl_typesupport_fastrtps_cpp
[15.257s] [ 82%] Built target turtlesim
[15.301s] [ 82%] [34m[1mGenerating Python code for ROS interfaces[0m
[20.054s] [ 82%] Built target turtlesim__py
[20.134s] [ 83%] [32mBuilding C object CMakeFiles/turtlesim__rosidl_generator_py.dir/rosidl_generator_py/turtlesim/action/_rotate_absolute_s.c.o[0m
[21.609s] [ 84%] [32mBuilding C object CMakeFiles/turtlesim__rosidl_generator_py.dir/rosidl_generator_py/turtlesim/msg/_color_s.c.o[0m
[21.997s] [ 84%] [32mBuilding C object CMakeFiles/turtlesim__rosidl_generator_py.dir/rosidl_generator_py/turtlesim/msg/_pose_s.c.o[0m
[22.422s] [ 85%] [32mBuilding C object CMakeFiles/turtlesim__rosidl_generator_py.dir/rosidl_generator_py/turtlesim/srv/_kill_s.c.o[0m
[31.119s] [ 86%] [32mBuilding C object CMakeFiles/turtlesim__rosidl_generator_py.dir/rosidl_generator_py/turtlesim/srv/_set_pen_s.c.o[0m
[32.775s] [ 87%] [32mBuilding C object CMakeFiles/turtlesim__rosidl_generator_py.dir/rosidl_generator_py/turtlesim/srv/_spawn_s.c.o[0m
[33.370s] [ 88%] [32mBuilding C object CMakeFiles/turtlesim__rosidl_generator_py.dir/rosidl_generator_py/turtlesim/srv/_teleport_absolute_s.c.o[0m
[33.863s] [ 89%] [32mBuilding C object CMakeFiles/turtlesim__rosidl_generator_py.dir/rosidl_generator_py/turtlesim/srv/_teleport_relative_s.c.o[0m
[34.325s] [ 90%] [32m[1mLinking C shared library libturtlesim__rosidl_generator_py.so[0m
[34.984s] [ 90%] Built target turtlesim__rosidl_generator_py
[35.055s] [ 91%] [32mBuilding C object CMakeFiles/turtlesim_s__rosidl_typesupport_fastrtps_c.dir/rosidl_generator_py/turtlesim/_turtlesim_s.ep.rosidl_typesupport_fastrtps_c.c.o[0m
[35.055s] [ 92%] [32mBuilding C object CMakeFiles/turtlesim_s__rosidl_typesupport_introspection_c.dir/rosidl_generator_py/turtlesim/_turtlesim_s.ep.rosidl_typesupport_introspection_c.c.o[0m
[35.583s] [ 93%] [32m[1mLinking C shared module rosidl_generator_py/turtlesim/turtlesim_s__rosidl_typesupport_introspection_c.so[0m
[35.639s] [ 94%] [32m[1mLinking C shared module rosidl_generator_py/turtlesim/turtlesim_s__rosidl_typesupport_fastrtps_c.so[0m
[35.667s] [ 94%] Built target turtlesim_s__rosidl_typesupport_introspection_c
[35.717s] [ 95%] [32mBuilding C object CMakeFiles/turtlesim_s__rosidl_typesupport_c.dir/rosidl_generator_py/turtlesim/_turtlesim_s.ep.rosidl_typesupport_c.c.o[0m
[35.721s] [ 95%] Built target turtlesim_s__rosidl_typesupport_fastrtps_c
[36.153s] [ 96%] [32m[1mLinking C shared module rosidl_generator_py/turtlesim/turtlesim_s__rosidl_typesupport_c.so[0m
[36.222s] [ 96%] Built target turtlesim_s__rosidl_typesupport_c
[37.591s] [ 97%] [32m[1mLinking CXX executable turtle_teleop_key[0m
[38.290s] [ 97%] Built target turtle_teleop_key
[41.031s] [ 98%] [32m[1mLinking CXX executable mimic[0m
[41.566s] [ 98%] Built target mimic
[42.053s] [ 99%] [32m[1mLinking CXX executable draw_square[0m
[42.610s] [ 99%] Built target draw_square
[45.384s] [100%] [32m[1mLinking CXX executable turtlesim_node[0m
[47.973s] [100%] Built target turtlesim_node
[47.991s] Invoked command in '/home/alpaca/Documents/robot/RemoteControlTurtle/build/turtlesim' returned '0': CMAKE_PREFIX_PATH=${CMAKE_PREFIX_PATH}:/opt/ros/jazzy DEBUGINFOD_URLS=https://debuginfod.ubuntu.com /usr/bin/cmake --build /home/alpaca/Documents/robot/RemoteControlTurtle/build/turtlesim -- -j8 -l8
[48.003s] Invoking command in '/home/alpaca/Documents/robot/RemoteControlTurtle/build/turtlesim': CMAKE_PREFIX_PATH=${CMAKE_PREFIX_PATH}:/opt/ros/jazzy DEBUGINFOD_URLS=https://debuginfod.ubuntu.com /usr/bin/cmake --install /home/alpaca/Documents/robot/RemoteControlTurtle/build/turtlesim
[48.012s] -- Install configuration: ""
[48.013s] -- Installing: /home/alpaca/Documents/robot/RemoteControlTurtle/install/turtlesim/share/ament_index/resource_index/rosidl_interfaces/turtlesim
[48.013s] -- Installing: /home/alpaca/Documents/robot/RemoteControlTurtle/install/turtlesim/share/turtlesim/action/RotateAbsolute.json
[48.014s] -- Installing: /home/alpaca/Documents/robot/RemoteControlTurtle/install/turtlesim/share/turtlesim/msg/Color.json
[48.014s] -- Installing: /home/alpaca/Documents/robot/RemoteControlTurtle/install/turtlesim/share/turtlesim/msg/Pose.json
[48.015s] -- Installing: /home/alpaca/Documents/robot/RemoteControlTurtle/install/turtlesim/share/turtlesim/srv/Kill.json
[48.015s] -- Installing: /home/alpaca/Documents/robot/RemoteControlTurtle/install/turtlesim/share/turtlesim/srv/SetPen.json
[48.015s] -- Installing: /home/alpaca/Documents/robot/RemoteControlTurtle/install/turtlesim/share/turtlesim/srv/Spawn.json
[48.015s] -- Installing: /home/alpaca/Documents/robot/RemoteControlTurtle/install/turtlesim/share/turtlesim/srv/TeleportAbsolute.json
[48.016s] -- Installing: /home/alpaca/Documents/robot/RemoteControlTurtle/install/turtlesim/share/turtlesim/srv/TeleportRelative.json
[48.017s] -- Installing: /home/alpaca/Documents/robot/RemoteControlTurtle/install/turtlesim/include/turtlesim/turtlesim
[48.017s] -- Installing: /home/alpaca/Documents/robot/RemoteControlTurtle/install/turtlesim/include/turtlesim/turtlesim/action
[48.018s] -- Installing: /home/alpaca/Documents/robot/RemoteControlTurtle/install/turtlesim/include/turtlesim/turtlesim/action/detail
[48.018s] -- Installing: /home/alpaca/Documents/robot/RemoteControlTurtle/install/turtlesim/include/turtlesim/turtlesim/action/detail/rotate_absolute__type_support.h
[48.019s] -- Installing: /home/alpaca/Documents/robot/RemoteControlTurtle/install/turtlesim/include/turtlesim/turtlesim/action/detail/rotate_absolute__type_support.c
[48.019s] -- Installing: /home/alpaca/Documents/robot/RemoteControlTurtle/install/turtlesim/include/turtlesim/turtlesim/action/detail/rotate_absolute__functions.h
[48.019s] -- Installing: /home/alpaca/Documents/robot/RemoteControlTurtle/install/turtlesim/include/turtlesim/turtlesim/action/detail/rotate_absolute__struct.h
[48.019s] -- Installing: /home/alpaca/Documents/robot/RemoteControlTurtle/install/turtlesim/include/turtlesim/turtlesim/action/detail/rotate_absolute__functions.c
[48.020s] -- Installing: /home/alpaca/Documents/robot/RemoteControlTurtle/install/turtlesim/include/turtlesim/turtlesim/action/detail/rotate_absolute__description.c
[48.022s] -- Installing: /home/alpaca/Documents/robot/RemoteControlTurtle/install/turtlesim/include/turtlesim/turtlesim/action/rotate_absolute.h
[48.023s] -- Installing: /home/alpaca/Documents/robot/RemoteControlTurtle/install/turtlesim/include/turtlesim/turtlesim/msg
[48.024s] -- Installing: /home/alpaca/Documents/robot/RemoteControlTurtle/install/turtlesim/include/turtlesim/turtlesim/msg/color.h
[48.024s] -- Installing: /home/alpaca/Documents/robot/RemoteControlTurtle/install/turtlesim/include/turtlesim/turtlesim/msg/detail
[48.024s] -- Installing: /home/alpaca/Documents/robot/RemoteControlTurtle/install/turtlesim/include/turtlesim/turtlesim/msg/detail/pose__functions.c
[48.025s] -- Installing: /home/alpaca/Documents/robot/RemoteControlTurtle/install/turtlesim/include/turtlesim/turtlesim/msg/detail/color__type_support.c
[48.025s] -- Installing: /home/alpaca/Documents/robot/RemoteControlTurtle/install/turtlesim/include/turtlesim/turtlesim/msg/detail/color__description.c
[48.025s] -- Installing: /home/alpaca/Documents/robot/RemoteControlTurtle/install/turtlesim/include/turtlesim/turtlesim/msg/detail/color__functions.c
[48.025s] -- Installing: /home/alpaca/Documents/robot/RemoteControlTurtle/install/turtlesim/include/turtlesim/turtlesim/msg/detail/pose__functions.h
[48.026s] -- Installing: /home/alpaca/Documents/robot/RemoteControlTurtle/install/turtlesim/include/turtlesim/turtlesim/msg/detail/color__type_support.h
[48.026s] -- Installing: /home/alpaca/Documents/robot/RemoteControlTurtle/install/turtlesim/include/turtlesim/turtlesim/msg/detail/pose__type_support.h
[48.026s] -- Installing: /home/alpaca/Documents/robot/RemoteControlTurtle/install/turtlesim/include/turtlesim/turtlesim/msg/detail/pose__type_support.c
[48.026s] -- Installing: /home/alpaca/Documents/robot/RemoteControlTurtle/install/turtlesim/include/turtlesim/turtlesim/msg/detail/color__functions.h
[48.026s] -- Installing: /home/alpaca/Documents/robot/RemoteControlTurtle/install/turtlesim/include/turtlesim/turtlesim/msg/detail/color__struct.h
[48.026s] -- Installing: /home/alpaca/Documents/robot/RemoteControlTurtle/install/turtlesim/include/turtlesim/turtlesim/msg/detail/pose__description.c
[48.027s] -- Installing: /home/alpaca/Documents/robot/RemoteControlTurtle/install/turtlesim/include/turtlesim/turtlesim/msg/detail/pose__struct.h
[48.027s] -- Installing: /home/alpaca/Documents/robot/RemoteControlTurtle/install/turtlesim/include/turtlesim/turtlesim/msg/rosidl_generator_c__visibility_control.h
[48.027s] -- Installing: /home/alpaca/Documents/robot/RemoteControlTurtle/install/turtlesim/include/turtlesim/turtlesim/msg/pose.h
[48.027s] -- Installing: /home/alpaca/Documents/robot/RemoteControlTurtle/install/turtlesim/include/turtlesim/turtlesim/srv
[48.027s] -- Installing: /home/alpaca/Documents/robot/RemoteControlTurtle/install/turtlesim/include/turtlesim/turtlesim/srv/kill.h
[48.028s] -- Installing: /home/alpaca/Documents/robot/RemoteControlTurtle/install/turtlesim/include/turtlesim/turtlesim/srv/detail
[48.028s] -- Installing: /home/alpaca/Documents/robot/RemoteControlTurtle/install/turtlesim/include/turtlesim/turtlesim/srv/detail/teleport_absolute__description.c
[48.029s] -- Installing: /home/alpaca/Documents/robot/RemoteControlTurtle/install/turtlesim/include/turtlesim/turtlesim/srv/detail/teleport_relative__description.c
[48.029s] -- Installing: /home/alpaca/Documents/robot/RemoteControlTurtle/install/turtlesim/include/turtlesim/turtlesim/srv/detail/teleport_absolute__struct.h
[48.029s] -- Installing: /home/alpaca/Documents/robot/RemoteControlTurtle/install/turtlesim/include/turtlesim/turtlesim/srv/detail/teleport_relative__struct.h
[48.029s] -- Installing: /home/alpaca/Documents/robot/RemoteControlTurtle/install/turtlesim/include/turtlesim/turtlesim/srv/detail/kill__functions.h
[48.030s] -- Installing: /home/alpaca/Documents/robot/RemoteControlTurtle/install/turtlesim/include/turtlesim/turtlesim/srv/detail/teleport_absolute__type_support.h
[48.030s] -- Installing: /home/alpaca/Documents/robot/RemoteControlTurtle/install/turtlesim/include/turtlesim/turtlesim/srv/detail/teleport_absolute__functions.h
[48.030s] -- Installing: /home/alpaca/Documents/robot/RemoteControlTurtle/install/turtlesim/include/turtlesim/turtlesim/srv/detail/teleport_relative__type_support.h
[48.030s] -- Installing: /home/alpaca/Documents/robot/RemoteControlTurtle/install/turtlesim/include/turtlesim/turtlesim/srv/detail/kill__type_support.h
[48.030s] -- Installing: /home/alpaca/Documents/robot/RemoteControlTurtle/install/turtlesim/include/turtlesim/turtlesim/srv/detail/spawn__type_support.c
[48.030s] -- Installing: /home/alpaca/Documents/robot/RemoteControlTurtle/install/turtlesim/include/turtlesim/turtlesim/srv/detail/teleport_absolute__type_support.c
[48.031s] -- Installing: /home/alpaca/Documents/robot/RemoteControlTurtle/install/turtlesim/include/turtlesim/turtlesim/srv/detail/spawn__type_support.h
[48.031s] -- Installing: /home/alpaca/Documents/robot/RemoteControlTurtle/install/turtlesim/include/turtlesim/turtlesim/srv/detail/set_pen__type_support.h
[48.031s] -- Installing: /home/alpaca/Documents/robot/RemoteControlTurtle/install/turtlesim/include/turtlesim/turtlesim/srv/detail/teleport_relative__functions.c
[48.032s] -- Installing: /home/alpaca/Documents/robot/RemoteControlTurtle/install/turtlesim/include/turtlesim/turtlesim/srv/detail/kill__type_support.c
[48.032s] -- Installing: /home/alpaca/Documents/robot/RemoteControlTurtle/install/turtlesim/include/turtlesim/turtlesim/srv/detail/set_pen__functions.h
[48.032s] -- Installing: /home/alpaca/Documents/robot/RemoteControlTurtle/install/turtlesim/include/turtlesim/turtlesim/srv/detail/kill__description.c
[48.033s] -- Installing: /home/alpaca/Documents/robot/RemoteControlTurtle/install/turtlesim/include/turtlesim/turtlesim/srv/detail/teleport_relative__type_support.c
[48.033s] -- Installing: /home/alpaca/Documents/robot/RemoteControlTurtle/install/turtlesim/include/turtlesim/turtlesim/srv/detail/set_pen__description.c
[48.034s] -- Installing: /home/alpaca/Documents/robot/RemoteControlTurtle/install/turtlesim/include/turtlesim/turtlesim/srv/detail/spawn__functions.h
[48.034s] -- Installing: /home/alpaca/Documents/robot/RemoteControlTurtle/install/turtlesim/include/turtlesim/turtlesim/srv/detail/set_pen__type_support.c
[48.034s] -- Installing: /home/alpaca/Documents/robot/RemoteControlTurtle/install/turtlesim/include/turtlesim/turtlesim/srv/detail/teleport_absolute__functions.c
[48.035s] -- Installing: /home/alpaca/Documents/robot/RemoteControlTurtle/install/turtlesim/include/turtlesim/turtlesim/srv/detail/set_pen__functions.c
[48.036s] -- Installing: /home/alpaca/Documents/robot/RemoteControlTurtle/install/turtlesim/include/turtlesim/turtlesim/srv/detail/spawn__description.c
[48.036s] -- Installing: /home/alpaca/Documents/robot/RemoteControlTurtle/install/turtlesim/include/turtlesim/turtlesim/srv/detail/set_pen__struct.h
[48.036s] -- Installing: /home/alpaca/Documents/robot/RemoteControlTurtle/install/turtlesim/include/turtlesim/turtlesim/srv/detail/spawn__functions.c
[48.037s] -- Installing: /home/alpaca/Documents/robot/RemoteControlTurtle/install/turtlesim/include/turtlesim/turtlesim/srv/detail/kill__struct.h
[48.037s] -- Installing: /home/alpaca/Documents/robot/RemoteControlTurtle/install/turtlesim/include/turtlesim/turtlesim/srv/detail/kill__functions.c
[48.038s] -- Installing: /home/alpaca/Documents/robot/RemoteControlTurtle/install/turtlesim/include/turtlesim/turtlesim/srv/detail/teleport_relative__functions.h
[48.038s] -- Installing: /home/alpaca/Documents/robot/RemoteControlTurtle/install/turtlesim/include/turtlesim/turtlesim/srv/detail/spawn__struct.h
[48.038s] -- Installing: /home/alpaca/Documents/robot/RemoteControlTurtle/install/turtlesim/include/turtlesim/turtlesim/srv/teleport_absolute.h
[48.038s] -- Installing: /home/alpaca/Documents/robot/RemoteControlTurtle/install/turtlesim/include/turtlesim/turtlesim/srv/spawn.h
[48.038s] -- Installing: /home/alpaca/Documents/robot/RemoteControlTurtle/install/turtlesim/include/turtlesim/turtlesim/srv/teleport_relative.h
[48.039s] -- Installing: /home/alpaca/Documents/robot/RemoteControlTurtle/install/turtlesim/include/turtlesim/turtlesim/srv/set_pen.h
[48.040s] -- Installing: /home/alpaca/Documents/robot/RemoteControlTurtle/install/turtlesim/share/turtlesim/environment/library_path.sh
[48.041s] -- Installing: /home/alpaca/Documents/robot/RemoteControlTurtle/install/turtlesim/share/turtlesim/environment/library_path.dsv
[48.041s] -- Installing: /home/alpaca/Documents/robot/RemoteControlTurtle/install/turtlesim/lib/libturtlesim__rosidl_generator_c.so
[48.042s] -- Set non-toolchain portion of runtime path of "/home/alpaca/Documents/robot/RemoteControlTurtle/install/turtlesim/lib/libturtlesim__rosidl_generator_c.so" to ""
[48.043s] -- Up-to-date: /home/alpaca/Documents/robot/RemoteControlTurtle/install/turtlesim/include/turtlesim/turtlesim
[48.043s] -- Up-to-date: /home/alpaca/Documents/robot/RemoteControlTurtle/install/turtlesim/include/turtlesim/turtlesim/action
[48.043s] -- Up-to-date: /home/alpaca/Documents/robot/RemoteControlTurtle/install/turtlesim/include/turtlesim/turtlesim/action/detail
[48.043s] -- Installing: /home/alpaca/Documents/robot/RemoteControlTurtle/install/turtlesim/include/turtlesim/turtlesim/action/detail/rotate_absolute__rosidl_typesupport_fastrtps_c.h
[48.043s] -- Up-to-date: /home/alpaca/Documents/robot/RemoteControlTurtle/install/turtlesim/include/turtlesim/turtlesim/msg
[48.044s] -- Up-to-date: /home/alpaca/Documents/robot/RemoteControlTurtle/install/turtlesim/include/turtlesim/turtlesim/msg/detail
[48.044s] -- Installing: /home/alpaca/Documents/robot/RemoteControlTurtle/install/turtlesim/include/turtlesim/turtlesim/msg/detail/color__rosidl_typesupport_fastrtps_c.h
[48.044s] -- Installing: /home/alpaca/Documents/robot/RemoteControlTurtle/install/turtlesim/include/turtlesim/turtlesim/msg/detail/pose__rosidl_typesupport_fastrtps_c.h
[48.045s] -- Installing: /home/alpaca/Documents/robot/RemoteControlTurtle/install/turtlesim/include/turtlesim/turtlesim/msg/rosidl_typesupport_fastrtps_c__visibility_control.h
[48.045s] -- Up-to-date: /home/alpaca/Documents/robot/RemoteControlTurtle/install/turtlesim/include/turtlesim/turtlesim/srv
[48.045s] -- Up-to-date: /home/alpaca/Documents/robot/RemoteControlTurtle/install/turtlesim/include/turtlesim/turtlesim/srv/detail
[48.045s] -- Installing: /home/alpaca/Documents/robot/RemoteControlTurtle/install/turtlesim/include/turtlesim/turtlesim/srv/detail/spawn__rosidl_typesupport_fastrtps_c.h
[48.046s] -- Installing: /home/alpaca/Documents/robot/RemoteControlTurtle/install/turtlesim/include/turtlesim/turtlesim/srv/detail/teleport_relative__rosidl_typesupport_fastrtps_c.h
[48.046s] -- Installing: /home/alpaca/Documents/robot/RemoteControlTurtle/install/turtlesim/include/turtlesim/turtlesim/srv/detail/set_pen__rosidl_typesupport_fastrtps_c.h
[48.046s] -- Installing: /home/alpaca/Documents/robot/RemoteControlTurtle/install/turtlesim/include/turtlesim/turtlesim/srv/detail/teleport_absolute__rosidl_typesupport_fastrtps_c.h
[48.047s] -- Installing: /home/alpaca/Documents/robot/RemoteControlTurtle/install/turtlesim/include/turtlesim/turtlesim/srv/detail/kill__rosidl_typesupport_fastrtps_c.h
[48.047s] -- Installing: /home/alpaca/Documents/robot/RemoteControlTurtle/install/turtlesim/lib/libturtlesim__rosidl_typesupport_fastrtps_c.so
[48.048s] -- Set non-toolchain portion of runtime path of "/home/alpaca/Documents/robot/RemoteControlTurtle/install/turtlesim/lib/libturtlesim__rosidl_typesupport_fastrtps_c.so" to ""
[48.048s] -- Up-to-date: /home/alpaca/Documents/robot/RemoteControlTurtle/install/turtlesim/include/turtlesim/turtlesim
[48.048s] -- Up-to-date: /home/alpaca/Documents/robot/RemoteControlTurtle/install/turtlesim/include/turtlesim/turtlesim/action
[48.048s] -- Up-to-date: /home/alpaca/Documents/robot/RemoteControlTurtle/install/turtlesim/include/turtlesim/turtlesim/action/detail
[48.049s] -- Installing: /home/alpaca/Documents/robot/RemoteControlTurtle/install/turtlesim/include/turtlesim/turtlesim/action/detail/rotate_absolute__builder.hpp
[48.049s] -- Installing: /home/alpaca/Documents/robot/RemoteControlTurtle/install/turtlesim/include/turtlesim/turtlesim/action/detail/rotate_absolute__type_support.hpp
[48.049s] -- Installing: /home/alpaca/Documents/robot/RemoteControlTurtle/install/turtlesim/include/turtlesim/turtlesim/action/detail/rotate_absolute__struct.hpp
[48.050s] -- Installing: /home/alpaca/Documents/robot/RemoteControlTurtle/install/turtlesim/include/turtlesim/turtlesim/action/detail/rotate_absolute__traits.hpp
[48.051s] -- Installing: /home/alpaca/Documents/robot/RemoteControlTurtle/install/turtlesim/include/turtlesim/turtlesim/action/rotate_absolute.hpp
[48.051s] -- Up-to-date: /home/alpaca/Documents/robot/RemoteControlTurtle/install/turtlesim/include/turtlesim/turtlesim/msg
[48.051s] -- Installing: /home/alpaca/Documents/robot/RemoteControlTurtle/install/turtlesim/include/turtlesim/turtlesim/msg/rosidl_generator_cpp__visibility_control.hpp
[48.051s] -- Up-to-date: /home/alpaca/Documents/robot/RemoteControlTurtle/install/turtlesim/include/turtlesim/turtlesim/msg/detail
[48.052s] -- Installing: /home/alpaca/Documents/robot/RemoteControlTurtle/install/turtlesim/include/turtlesim/turtlesim/msg/detail/color__type_support.hpp
[48.052s] -- Installing: /home/alpaca/Documents/robot/RemoteControlTurtle/install/turtlesim/include/turtlesim/turtlesim/msg/detail/color__struct.hpp
[48.052s] -- Installing: /home/alpaca/Documents/robot/RemoteControlTurtle/install/turtlesim/include/turtlesim/turtlesim/msg/detail/color__builder.hpp
[48.052s] -- Installing: /home/alpaca/Documents/robot/RemoteControlTurtle/install/turtlesim/include/turtlesim/turtlesim/msg/detail/color__traits.hpp
[48.053s] -- Installing: /home/alpaca/Documents/robot/RemoteControlTurtle/install/turtlesim/include/turtlesim/turtlesim/msg/detail/pose__type_support.hpp
[48.053s] -- Installing: /home/alpaca/Documents/robot/RemoteControlTurtle/install/turtlesim/include/turtlesim/turtlesim/msg/detail/pose__traits.hpp
[48.053s] -- Installing: /home/alpaca/Documents/robot/RemoteControlTurtle/install/turtlesim/include/turtlesim/turtlesim/msg/detail/pose__struct.hpp
[48.053s] -- Installing: /home/alpaca/Documents/robot/RemoteControlTurtle/install/turtlesim/include/turtlesim/turtlesim/msg/detail/pose__builder.hpp
[48.054s] -- Installing: /home/alpaca/Documents/robot/RemoteControlTurtle/install/turtlesim/include/turtlesim/turtlesim/msg/color.hpp
[48.054s] -- Installing: /home/alpaca/Documents/robot/RemoteControlTurtle/install/turtlesim/include/turtlesim/turtlesim/msg/pose.hpp
[48.054s] -- Up-to-date: /home/alpaca/Documents/robot/RemoteControlTurtle/install/turtlesim/include/turtlesim/turtlesim/srv
[48.054s] -- Installing: /home/alpaca/Documents/robot/RemoteControlTurtle/install/turtlesim/include/turtlesim/turtlesim/srv/teleport_absolute.hpp
[48.054s] -- Up-to-date: /home/alpaca/Documents/robot/RemoteControlTurtle/install/turtlesim/include/turtlesim/turtlesim/srv/detail
[48.055s] -- Installing: /home/alpaca/Documents/robot/RemoteControlTurtle/install/turtlesim/include/turtlesim/turtlesim/srv/detail/kill__type_support.hpp
[48.055s] -- Installing: /home/alpaca/Documents/robot/RemoteControlTurtle/install/turtlesim/include/turtlesim/turtlesim/srv/detail/teleport_absolute__builder.hpp
[48.055s] -- Installing: /home/alpaca/Documents/robot/RemoteControlTurtle/install/turtlesim/include/turtlesim/turtlesim/srv/detail/teleport_absolute__traits.hpp
[48.055s] -- Installing: /home/alpaca/Documents/robot/RemoteControlTurtle/install/turtlesim/include/turtlesim/turtlesim/srv/detail/teleport_absolute__type_support.hpp
[48.057s] -- Installing: /home/alpaca/Documents/robot/RemoteControlTurtle/install/turtlesim/include/turtlesim/turtlesim/srv/detail/spawn__type_support.hpp
[48.057s] -- Installing: /home/alpaca/Documents/robot/RemoteControlTurtle/install/turtlesim/include/turtlesim/turtlesim/srv/detail/kill__traits.hpp
[48.057s] -- Installing: /home/alpaca/Documents/robot/RemoteControlTurtle/install/turtlesim/include/turtlesim/turtlesim/srv/detail/kill__builder.hpp
[48.058s] -- Installing: /home/alpaca/Documents/robot/RemoteControlTurtle/install/turtlesim/include/turtlesim/turtlesim/srv/detail/teleport_relative__traits.hpp
[48.058s] -- Installing: /home/alpaca/Documents/robot/RemoteControlTurtle/install/turtlesim/include/turtlesim/turtlesim/srv/detail/kill__struct.hpp
[48.058s] -- Installing: /home/alpaca/Documents/robot/RemoteControlTurtle/install/turtlesim/include/turtlesim/turtlesim/srv/detail/spawn__struct.hpp
[48.059s] -- Installing: /home/alpaca/Documents/robot/RemoteControlTurtle/install/turtlesim/include/turtlesim/turtlesim/srv/detail/spawn__builder.hpp
[48.059s] -- Installing: /home/alpaca/Documents/robot/RemoteControlTurtle/install/turtlesim/include/turtlesim/turtlesim/srv/detail/set_pen__type_support.hpp
[48.059s] -- Installing: /home/alpaca/Documents/robot/RemoteControlTurtle/install/turtlesim/include/turtlesim/turtlesim/srv/detail/teleport_relative__type_support.hpp
[48.059s] -- Installing: /home/alpaca/Documents/robot/RemoteControlTurtle/install/turtlesim/include/turtlesim/turtlesim/srv/detail/teleport_relative__struct.hpp
[48.060s] -- Installing: /home/alpaca/Documents/robot/RemoteControlTurtle/install/turtlesim/include/turtlesim/turtlesim/srv/detail/spawn__traits.hpp
[48.060s] -- Installing: /home/alpaca/Documents/robot/RemoteControlTurtle/install/turtlesim/include/turtlesim/turtlesim/srv/detail/set_pen__builder.hpp
[48.060s] -- Installing: /home/alpaca/Documents/robot/RemoteControlTurtle/install/turtlesim/include/turtlesim/turtlesim/srv/detail/set_pen__traits.hpp
[48.061s] -- Installing: /home/alpaca/Documents/robot/RemoteControlTurtle/install/turtlesim/include/turtlesim/turtlesim/srv/detail/teleport_absolute__struct.hpp
[48.061s] -- Installing: /home/alpaca/Documents/robot/RemoteControlTurtle/install/turtlesim/include/turtlesim/turtlesim/srv/detail/teleport_relative__builder.hpp
[48.061s] -- Installing: /home/alpaca/Documents/robot/RemoteControlTurtle/install/turtlesim/include/turtlesim/turtlesim/srv/detail/set_pen__struct.hpp
[48.062s] -- Installing: /home/alpaca/Documents/robot/RemoteControlTurtle/install/turtlesim/include/turtlesim/turtlesim/srv/kill.hpp
[48.062s] -- Installing: /home/alpaca/Documents/robot/RemoteControlTurtle/install/turtlesim/include/turtlesim/turtlesim/srv/teleport_relative.hpp
[48.062s] -- Installing: /home/alpaca/Documents/robot/RemoteControlTurtle/install/turtlesim/include/turtlesim/turtlesim/srv/set_pen.hpp
[48.062s] -- Installing: /home/alpaca/Documents/robot/RemoteControlTurtle/install/turtlesim/include/turtlesim/turtlesim/srv/spawn.hpp
[48.063s] -- Up-to-date: /home/alpaca/Documents/robot/RemoteControlTurtle/install/turtlesim/include/turtlesim/turtlesim
[48.063s] -- Up-to-date: /home/alpaca/Documents/robot/RemoteControlTurtle/install/turtlesim/include/turtlesim/turtlesim/action
[48.063s] -- Up-to-date: /home/alpaca/Documents/robot/RemoteControlTurtle/install/turtlesim/include/turtlesim/turtlesim/action/detail
[48.063s] -- Installing: /home/alpaca/Documents/robot/RemoteControlTurtle/install/turtlesim/include/turtlesim/turtlesim/action/detail/rotate_absolute__rosidl_typesupport_fastrtps_cpp.hpp
[48.066s] -- Installing: /home/alpaca/Documents/robot/RemoteControlTurtle/install/turtlesim/include/turtlesim/turtlesim/action/detail/dds_fastrtps
[48.068s] -- Up-to-date: /home/alpaca/Documents/robot/RemoteControlTurtle/install/turtlesim/include/turtlesim/turtlesim/msg
[48.068s] -- Up-to-date: /home/alpaca/Documents/robot/RemoteControlTurtle/install/turtlesim/include/turtlesim/turtlesim/msg/detail
[48.069s] -- Installing: /home/alpaca/Documents/robot/RemoteControlTurtle/install/turtlesim/include/turtlesim/turtlesim/msg/detail/color__rosidl_typesupport_fastrtps_cpp.hpp
[48.069s] -- Installing: /home/alpaca/Documents/robot/RemoteControlTurtle/install/turtlesim/include/turtlesim/turtlesim/msg/detail/pose__rosidl_typesupport_fastrtps_cpp.hpp
[48.069s] -- Installing: /home/alpaca/Documents/robot/RemoteControlTurtle/install/turtlesim/include/turtlesim/turtlesim/msg/detail/dds_fastrtps
[48.069s] -- Installing: /home/alpaca/Documents/robot/RemoteControlTurtle/install/turtlesim/include/turtlesim/turtlesim/msg/rosidl_typesupport_fastrtps_cpp__visibility_control.h
[48.069s] -- Up-to-date: /home/alpaca/Documents/robot/RemoteControlTurtle/install/turtlesim/include/turtlesim/turtlesim/srv
[48.070s] -- Up-to-date: /home/alpaca/Documents/robot/RemoteControlTurtle/install/turtlesim/include/turtlesim/turtlesim/srv/detail
[48.070s] -- Installing: /home/alpaca/Documents/robot/RemoteControlTurtle/install/turtlesim/include/turtlesim/turtlesim/srv/detail/set_pen__rosidl_typesupport_fastrtps_cpp.hpp
[48.070s] -- Installing: /home/alpaca/Documents/robot/RemoteControlTurtle/install/turtlesim/include/turtlesim/turtlesim/srv/detail/kill__rosidl_typesupport_fastrtps_cpp.hpp
[48.071s] -- Installing: /home/alpaca/Documents/robot/RemoteControlTurtle/install/turtlesim/include/turtlesim/turtlesim/srv/detail/teleport_absolute__rosidl_typesupport_fastrtps_cpp.hpp
[48.071s] -- Installing: /home/alpaca/Documents/robot/RemoteControlTurtle/install/turtlesim/include/turtlesim/turtlesim/srv/detail/dds_fastrtps
[48.073s] -- Installing: /home/alpaca/Documents/robot/RemoteControlTurtle/install/turtlesim/include/turtlesim/turtlesim/srv/detail/teleport_relative__rosidl_typesupport_fastrtps_cpp.hpp
[48.074s] -- Installing: /home/alpaca/Documents/robot/RemoteControlTurtle/install/turtlesim/include/turtlesim/turtlesim/srv/detail/spawn__rosidl_typesupport_fastrtps_cpp.hpp
[48.074s] -- Installing: /home/alpaca/Documents/robot/RemoteControlTurtle/install/turtlesim/lib/libturtlesim__rosidl_typesupport_fastrtps_cpp.so
[48.077s] -- Set non-toolchain portion of runtime path of "/home/alpaca/Documents/robot/RemoteControlTurtle/install/turtlesim/lib/libturtlesim__rosidl_typesupport_fastrtps_cpp.so" to ""
[48.077s] -- Up-to-date: /home/alpaca/Documents/robot/RemoteControlTurtle/install/turtlesim/include/turtlesim/turtlesim
[48.079s] -- Up-to-date: /home/alpaca/Documents/robot/RemoteControlTurtle/install/turtlesim/include/turtlesim/turtlesim/action
[48.079s] -- Up-to-date: /home/alpaca/Documents/robot/RemoteControlTurtle/install/turtlesim/include/turtlesim/turtlesim/action/detail
[48.080s] -- Installing: /home/alpaca/Documents/robot/RemoteControlTurtle/install/turtlesim/include/turtlesim/turtlesim/action/detail/rotate_absolute__rosidl_typesupport_introspection_c.h
[48.081s] -- Installing: /home/alpaca/Documents/robot/RemoteControlTurtle/install/turtlesim/include/turtlesim/turtlesim/action/detail/rotate_absolute__type_support.c
[48.082s] -- Up-to-date: /home/alpaca/Documents/robot/RemoteControlTurtle/install/turtlesim/include/turtlesim/turtlesim/msg
[48.082s] -- Up-to-date: /home/alpaca/Documents/robot/RemoteControlTurtle/install/turtlesim/include/turtlesim/turtlesim/msg/detail
[48.082s] -- Installing: /home/alpaca/Documents/robot/RemoteControlTurtle/install/turtlesim/include/turtlesim/turtlesim/msg/detail/pose__rosidl_typesupport_introspection_c.h
[48.082s] -- Installing: /home/alpaca/Documents/robot/RemoteControlTurtle/install/turtlesim/include/turtlesim/turtlesim/msg/detail/color__type_support.c
[48.082s] -- Installing: /home/alpaca/Documents/robot/RemoteControlTurtle/install/turtlesim/include/turtlesim/turtlesim/msg/detail/pose__type_support.c
[48.083s] -- Installing: /home/alpaca/Documents/robot/RemoteControlTurtle/install/turtlesim/include/turtlesim/turtlesim/msg/detail/color__rosidl_typesupport_introspection_c.h
[48.083s] -- Installing: /home/alpaca/Documents/robot/RemoteControlTurtle/install/turtlesim/include/turtlesim/turtlesim/msg/rosidl_typesupport_introspection_c__visibility_control.h
[48.083s] -- Up-to-date: /home/alpaca/Documents/robot/RemoteControlTurtle/install/turtlesim/include/turtlesim/turtlesim/srv
[48.083s] -- Up-to-date: /home/alpaca/Documents/robot/RemoteControlTurtle/install/turtlesim/include/turtlesim/turtlesim/srv/detail
[48.084s] -- Installing: /home/alpaca/Documents/robot/RemoteControlTurtle/install/turtlesim/include/turtlesim/turtlesim/srv/detail/spawn__rosidl_typesupport_introspection_c.h
[48.084s] -- Installing: /home/alpaca/Documents/robot/RemoteControlTurtle/install/turtlesim/include/turtlesim/turtlesim/srv/detail/spawn__type_support.c
[48.085s] -- Installing: /home/alpaca/Documents/robot/RemoteControlTurtle/install/turtlesim/include/turtlesim/turtlesim/srv/detail/teleport_absolute__type_support.c
[48.085s] -- Installing: /home/alpaca/Documents/robot/RemoteControlTurtle/install/turtlesim/include/turtlesim/turtlesim/srv/detail/kill__type_support.c
[48.086s] -- Installing: /home/alpaca/Documents/robot/RemoteControlTurtle/install/turtlesim/include/turtlesim/turtlesim/srv/detail/teleport_relative__rosidl_typesupport_introspection_c.h
[48.086s] -- Installing: /home/alpaca/Documents/robot/RemoteControlTurtle/install/turtlesim/include/turtlesim/turtlesim/srv/detail/teleport_relative__type_support.c
[48.087s] -- Installing: /home/alpaca/Documents/robot/RemoteControlTurtle/install/turtlesim/include/turtlesim/turtlesim/srv/detail/set_pen__type_support.c
[48.088s] -- Installing: /home/alpaca/Documents/robot/RemoteControlTurtle/install/turtlesim/include/turtlesim/turtlesim/srv/detail/kill__rosidl_typesupport_introspection_c.h
[48.088s] -- Installing: /home/alpaca/Documents/robot/RemoteControlTurtle/install/turtlesim/include/turtlesim/turtlesim/srv/detail/teleport_absolute__rosidl_typesupport_introspection_c.h
[48.088s] -- Installing: /home/alpaca/Documents/robot/RemoteControlTurtle/install/turtlesim/include/turtlesim/turtlesim/srv/detail/set_pen__rosidl_typesupport_introspection_c.h
[48.089s] -- Installing: /home/alpaca/Documents/robot/RemoteControlTurtle/install/turtlesim/lib/libturtlesim__rosidl_typesupport_introspection_c.so
[48.089s] -- Set non-toolchain portion of runtime path of "/home/alpaca/Documents/robot/RemoteControlTurtle/install/turtlesim/lib/libturtlesim__rosidl_typesupport_introspection_c.so" to ""
[48.089s] -- Installing: /home/alpaca/Documents/robot/RemoteControlTurtle/install/turtlesim/lib/libturtlesim__rosidl_typesupport_c.so
[48.090s] -- Set non-toolchain portion of runtime path of "/home/alpaca/Documents/robot/RemoteControlTurtle/install/turtlesim/lib/libturtlesim__rosidl_typesupport_c.so" to ""
[48.090s] -- Up-to-date: /home/alpaca/Documents/robot/RemoteControlTurtle/install/turtlesim/include/turtlesim/turtlesim
[48.090s] -- Up-to-date: /home/alpaca/Documents/robot/RemoteControlTurtle/install/turtlesim/include/turtlesim/turtlesim/action
[48.090s] -- Up-to-date: /home/alpaca/Documents/robot/RemoteControlTurtle/install/turtlesim/include/turtlesim/turtlesim/action/detail
[48.090s] -- Installing: /home/alpaca/Documents/robot/RemoteControlTurtle/install/turtlesim/include/turtlesim/turtlesim/action/detail/rotate_absolute__rosidl_typesupport_introspection_cpp.hpp
[48.091s] -- Installing: /home/alpaca/Documents/robot/RemoteControlTurtle/install/turtlesim/include/turtlesim/turtlesim/action/detail/rotate_absolute__type_support.cpp
[48.091s] -- Up-to-date: /home/alpaca/Documents/robot/RemoteControlTurtle/install/turtlesim/include/turtlesim/turtlesim/msg
[48.092s] -- Up-to-date: /home/alpaca/Documents/robot/RemoteControlTurtle/install/turtlesim/include/turtlesim/turtlesim/msg/detail
[48.092s] -- Installing: /home/alpaca/Documents/robot/RemoteControlTurtle/install/turtlesim/include/turtlesim/turtlesim/msg/detail/color__type_support.cpp
[48.093s] -- Installing: /home/alpaca/Documents/robot/RemoteControlTurtle/install/turtlesim/include/turtlesim/turtlesim/msg/detail/pose__type_support.cpp
[48.093s] -- Installing: /home/alpaca/Documents/robot/RemoteControlTurtle/install/turtlesim/include/turtlesim/turtlesim/msg/detail/pose__rosidl_typesupport_introspection_cpp.hpp
[48.093s] -- Installing: /home/alpaca/Documents/robot/RemoteControlTurtle/install/turtlesim/include/turtlesim/turtlesim/msg/detail/color__rosidl_typesupport_introspection_cpp.hpp
[48.094s] -- Up-to-date: /home/alpaca/Documents/robot/RemoteControlTurtle/install/turtlesim/include/turtlesim/turtlesim/srv
[48.094s] -- Up-to-date: /home/alpaca/Documents/robot/RemoteControlTurtle/install/turtlesim/include/turtlesim/turtlesim/srv/detail
[48.094s] -- Installing: /home/alpaca/Documents/robot/RemoteControlTurtle/install/turtlesim/include/turtlesim/turtlesim/srv/detail/spawn__type_support.cpp
[48.095s] -- Installing: /home/alpaca/Documents/robot/RemoteControlTurtle/install/turtlesim/include/turtlesim/turtlesim/srv/detail/teleport_relative__type_support.cpp
[48.095s] -- Installing: /home/alpaca/Documents/robot/RemoteControlTurtle/install/turtlesim/include/turtlesim/turtlesim/srv/detail/teleport_relative__rosidl_typesupport_introspection_cpp.hpp
[48.095s] -- Installing: /home/alpaca/Documents/robot/RemoteControlTurtle/install/turtlesim/include/turtlesim/turtlesim/srv/detail/set_pen__rosidl_typesupport_introspection_cpp.hpp
[48.096s] -- Installing: /home/alpaca/Documents/robot/RemoteControlTurtle/install/turtlesim/include/turtlesim/turtlesim/srv/detail/spawn__rosidl_typesupport_introspection_cpp.hpp
[48.096s] -- Installing: /home/alpaca/Documents/robot/RemoteControlTurtle/install/turtlesim/include/turtlesim/turtlesim/srv/detail/kill__rosidl_typesupport_introspection_cpp.hpp
[48.096s] -- Installing: /home/alpaca/Documents/robot/RemoteControlTurtle/install/turtlesim/include/turtlesim/turtlesim/srv/detail/set_pen__type_support.cpp
[48.097s] -- Installing: /home/alpaca/Documents/robot/RemoteControlTurtle/install/turtlesim/include/turtlesim/turtlesim/srv/detail/kill__type_support.cpp
[48.098s] -- Installing: /home/alpaca/Documents/robot/RemoteControlTurtle/install/turtlesim/include/turtlesim/turtlesim/srv/detail/teleport_absolute__rosidl_typesupport_introspection_cpp.hpp
[48.098s] -- Installing: /home/alpaca/Documents/robot/RemoteControlTurtle/install/turtlesim/include/turtlesim/turtlesim/srv/detail/teleport_absolute__type_support.cpp
[48.099s] -- Installing: /home/alpaca/Documents/robot/RemoteControlTurtle/install/turtlesim/lib/libturtlesim__rosidl_typesupport_introspection_cpp.so
[48.101s] -- Set non-toolchain portion of runtime path of "/home/alpaca/Documents/robot/RemoteControlTurtle/install/turtlesim/lib/libturtlesim__rosidl_typesupport_introspection_cpp.so" to ""
[48.101s] -- Installing: /home/alpaca/Documents/robot/RemoteControlTurtle/install/turtlesim/lib/libturtlesim__rosidl_typesupport_cpp.so
[48.102s] -- Set non-toolchain portion of runtime path of "/home/alpaca/Documents/robot/RemoteControlTurtle/install/turtlesim/lib/libturtlesim__rosidl_typesupport_cpp.so" to ""
[48.102s] -- Installing: /home/alpaca/Documents/robot/RemoteControlTurtle/install/turtlesim/share/turtlesim/environment/pythonpath.sh
[48.103s] -- Installing: /home/alpaca/Documents/robot/RemoteControlTurtle/install/turtlesim/share/turtlesim/environment/pythonpath.dsv
[48.103s] -- Installing: /home/alpaca/Documents/robot/RemoteControlTurtle/install/turtlesim/lib/python3.12/site-packages/turtlesim-1.8.3-py3.12.egg-info
[48.104s] -- Installing: /home/alpaca/Documents/robot/RemoteControlTurtle/install/turtlesim/lib/python3.12/site-packages/turtlesim-1.8.3-py3.12.egg-info/dependency_links.txt
[48.104s] -- Installing: /home/alpaca/Documents/robot/RemoteControlTurtle/install/turtlesim/lib/python3.12/site-packages/turtlesim-1.8.3-py3.12.egg-info/PKG-INFO
[48.106s] -- Installing: /home/alpaca/Documents/robot/RemoteControlTurtle/install/turtlesim/lib/python3.12/site-packages/turtlesim-1.8.3-py3.12.egg-info/SOURCES.txt
[48.106s] -- Installing: /home/alpaca/Documents/robot/RemoteControlTurtle/install/turtlesim/lib/python3.12/site-packages/turtlesim-1.8.3-py3.12.egg-info/top_level.txt
[48.106s] -- Installing: /home/alpaca/Documents/robot/RemoteControlTurtle/install/turtlesim/lib/python3.12/site-packages/turtlesim
[48.106s] -- Installing: /home/alpaca/Documents/robot/RemoteControlTurtle/install/turtlesim/lib/python3.12/site-packages/turtlesim/__init__.py
[48.107s] -- Installing: /home/alpaca/Documents/robot/RemoteControlTurtle/install/turtlesim/lib/python3.12/site-packages/turtlesim/turtlesim_s__rosidl_typesupport_c.so
[48.107s] -- Installing: /home/alpaca/Documents/robot/RemoteControlTurtle/install/turtlesim/lib/python3.12/site-packages/turtlesim/_turtlesim_s.ep.rosidl_typesupport_c.c
[48.107s] -- Installing: /home/alpaca/Documents/robot/RemoteControlTurtle/install/turtlesim/lib/python3.12/site-packages/turtlesim/action
[48.107s] -- Installing: /home/alpaca/Documents/robot/RemoteControlTurtle/install/turtlesim/lib/python3.12/site-packages/turtlesim/action/__init__.py
[48.107s] -- Installing: /home/alpaca/Documents/robot/RemoteControlTurtle/install/turtlesim/lib/python3.12/site-packages/turtlesim/action/_rotate_absolute.py
[48.108s] -- Installing: /home/alpaca/Documents/robot/RemoteControlTurtle/install/turtlesim/lib/python3.12/site-packages/turtlesim/action/_rotate_absolute_s.c
[48.109s] -- Installing: /home/alpaca/Documents/robot/RemoteControlTurtle/install/turtlesim/lib/python3.12/site-packages/turtlesim/turtlesim_s__rosidl_typesupport_fastrtps_c.so
[48.109s] -- Installing: /home/alpaca/Documents/robot/RemoteControlTurtle/install/turtlesim/lib/python3.12/site-packages/turtlesim/msg
[48.109s] -- Installing: /home/alpaca/Documents/robot/RemoteControlTurtle/install/turtlesim/lib/python3.12/site-packages/turtlesim/msg/__init__.py
[48.109s] -- Installing: /home/alpaca/Documents/robot/RemoteControlTurtle/install/turtlesim/lib/python3.12/site-packages/turtlesim/msg/_pose.py
[48.109s] -- Installing: /home/alpaca/Documents/robot/RemoteControlTurtle/install/turtlesim/lib/python3.12/site-packages/turtlesim/msg/_pose_s.c
[48.110s] -- Installing: /home/alpaca/Documents/robot/RemoteControlTurtle/install/turtlesim/lib/python3.12/site-packages/turtlesim/msg/_color_s.c
[48.110s] -- Installing: /home/alpaca/Documents/robot/RemoteControlTurtle/install/turtlesim/lib/python3.12/site-packages/turtlesim/msg/_color.py
[48.110s] -- Installing: /home/alpaca/Documents/robot/RemoteControlTurtle/install/turtlesim/lib/python3.12/site-packages/turtlesim/_turtlesim_s.ep.rosidl_typesupport_fastrtps_c.c
[48.110s] -- Installing: /home/alpaca/Documents/robot/RemoteControlTurtle/install/turtlesim/lib/python3.12/site-packages/turtlesim/_turtlesim_s.ep.rosidl_typesupport_introspection_c.c
[48.111s] -- Installing: /home/alpaca/Documents/robot/RemoteControlTurtle/install/turtlesim/lib/python3.12/site-packages/turtlesim/turtlesim_s__rosidl_typesupport_introspection_c.so
[48.111s] -- Installing: /home/alpaca/Documents/robot/RemoteControlTurtle/install/turtlesim/lib/python3.12/site-packages/turtlesim/srv
[48.111s] -- Installing: /home/alpaca/Documents/robot/RemoteControlTurtle/install/turtlesim/lib/python3.12/site-packages/turtlesim/srv/_kill.py
[48.111s] -- Installing: /home/alpaca/Documents/robot/RemoteControlTurtle/install/turtlesim/lib/python3.12/site-packages/turtlesim/srv/__init__.py
[48.111s] -- Installing: /home/alpaca/Documents/robot/RemoteControlTurtle/install/turtlesim/lib/python3.12/site-packages/turtlesim/srv/_teleport_relative_s.c
[48.112s] -- Installing: /home/alpaca/Documents/robot/RemoteControlTurtle/install/turtlesim/lib/python3.12/site-packages/turtlesim/srv/_set_pen.py
[48.112s] -- Installing: /home/alpaca/Documents/robot/RemoteControlTurtle/install/turtlesim/lib/python3.12/site-packages/turtlesim/srv/_spawn_s.c
[48.112s] -- Installing: /home/alpaca/Documents/robot/RemoteControlTurtle/install/turtlesim/lib/python3.12/site-packages/turtlesim/srv/_teleport_absolute_s.c
[48.113s] -- Installing: /home/alpaca/Documents/robot/RemoteControlTurtle/install/turtlesim/lib/python3.12/site-packages/turtlesim/srv/_set_pen_s.c
[48.113s] -- Installing: /home/alpaca/Documents/robot/RemoteControlTurtle/install/turtlesim/lib/python3.12/site-packages/turtlesim/srv/_spawn.py
[48.113s] -- Installing: /home/alpaca/Documents/robot/RemoteControlTurtle/install/turtlesim/lib/python3.12/site-packages/turtlesim/srv/_teleport_relative.py
[48.114s] -- Installing: /home/alpaca/Documents/robot/RemoteControlTurtle/install/turtlesim/lib/python3.12/site-packages/turtlesim/srv/_teleport_absolute.py
[48.115s] -- Installing: /home/alpaca/Documents/robot/RemoteControlTurtle/install/turtlesim/lib/python3.12/site-packages/turtlesim/srv/_kill_s.c
[48.286s] Listing '/home/alpaca/Documents/robot/RemoteControlTurtle/install/turtlesim/lib/python3.12/site-packages/turtlesim'...
[48.286s] Compiling '/home/alpaca/Documents/robot/RemoteControlTurtle/install/turtlesim/lib/python3.12/site-packages/turtlesim/__init__.py'...
[48.286s] Listing '/home/alpaca/Documents/robot/RemoteControlTurtle/install/turtlesim/lib/python3.12/site-packages/turtlesim/action'...
[48.286s] Compiling '/home/alpaca/Documents/robot/RemoteControlTurtle/install/turtlesim/lib/python3.12/site-packages/turtlesim/action/__init__.py'...
[48.286s] Compiling '/home/alpaca/Documents/robot/RemoteControlTurtle/install/turtlesim/lib/python3.12/site-packages/turtlesim/action/_rotate_absolute.py'...
[48.286s] Listing '/home/alpaca/Documents/robot/RemoteControlTurtle/install/turtlesim/lib/python3.12/site-packages/turtlesim/msg'...
[48.286s] Compiling '/home/alpaca/Documents/robot/RemoteControlTurtle/install/turtlesim/lib/python3.12/site-packages/turtlesim/msg/__init__.py'...
[48.287s] Compiling '/home/alpaca/Documents/robot/RemoteControlTurtle/install/turtlesim/lib/python3.12/site-packages/turtlesim/msg/_color.py'...
[48.287s] Compiling '/home/alpaca/Documents/robot/RemoteControlTurtle/install/turtlesim/lib/python3.12/site-packages/turtlesim/msg/_pose.py'...
[48.287s] Listing '/home/alpaca/Documents/robot/RemoteControlTurtle/install/turtlesim/lib/python3.12/site-packages/turtlesim/srv'...
[48.287s] Compiling '/home/alpaca/Documents/robot/RemoteControlTurtle/install/turtlesim/lib/python3.12/site-packages/turtlesim/srv/__init__.py'...
[48.287s] Compiling '/home/alpaca/Documents/robot/RemoteControlTurtle/install/turtlesim/lib/python3.12/site-packages/turtlesim/srv/_kill.py'...
[48.287s] Compiling '/home/alpaca/Documents/robot/RemoteControlTurtle/install/turtlesim/lib/python3.12/site-packages/turtlesim/srv/_set_pen.py'...
[48.287s] Compiling '/home/alpaca/Documents/robot/RemoteControlTurtle/install/turtlesim/lib/python3.12/site-packages/turtlesim/srv/_spawn.py'...
[48.287s] Compiling '/home/alpaca/Documents/robot/RemoteControlTurtle/install/turtlesim/lib/python3.12/site-packages/turtlesim/srv/_teleport_absolute.py'...
[48.288s] Compiling '/home/alpaca/Documents/robot/RemoteControlTurtle/install/turtlesim/lib/python3.12/site-packages/turtlesim/srv/_teleport_relative.py'...
[48.294s] -- Installing: /home/alpaca/Documents/robot/RemoteControlTurtle/install/turtlesim/lib/python3.12/site-packages/turtlesim/turtlesim_s__rosidl_typesupport_fastrtps_c.so
[48.295s] -- Set non-toolchain portion of runtime path of "/home/alpaca/Documents/robot/RemoteControlTurtle/install/turtlesim/lib/python3.12/site-packages/turtlesim/turtlesim_s__rosidl_typesupport_fastrtps_c.so" to ""
[48.295s] -- Installing: /home/alpaca/Documents/robot/RemoteControlTurtle/install/turtlesim/lib/python3.12/site-packages/turtlesim/turtlesim_s__rosidl_typesupport_introspection_c.so
[48.296s] -- Set non-toolchain portion of runtime path of "/home/alpaca/Documents/robot/RemoteControlTurtle/install/turtlesim/lib/python3.12/site-packages/turtlesim/turtlesim_s__rosidl_typesupport_introspection_c.so" to ""
[48.297s] -- Installing: /home/alpaca/Documents/robot/RemoteControlTurtle/install/turtlesim/lib/python3.12/site-packages/turtlesim/turtlesim_s__rosidl_typesupport_c.so
[48.297s] -- Set non-toolchain portion of runtime path of "/home/alpaca/Documents/robot/RemoteControlTurtle/install/turtlesim/lib/python3.12/site-packages/turtlesim/turtlesim_s__rosidl_typesupport_c.so" to ""
[48.298s] -- Installing: /home/alpaca/Documents/robot/RemoteControlTurtle/install/turtlesim/lib/libturtlesim__rosidl_generator_py.so
[48.298s] -- Set non-toolchain portion of runtime path of "/home/alpaca/Documents/robot/RemoteControlTurtle/install/turtlesim/lib/libturtlesim__rosidl_generator_py.so" to ""
[48.298s] -- Installing: /home/alpaca/Documents/robot/RemoteControlTurtle/install/turtlesim/share/turtlesim/action/RotateAbsolute.idl
[48.299s] -- Installing: /home/alpaca/Documents/robot/RemoteControlTurtle/install/turtlesim/share/turtlesim/msg/Color.idl
[48.299s] -- Installing: /home/alpaca/Documents/robot/RemoteControlTurtle/install/turtlesim/share/turtlesim/msg/Pose.idl
[48.299s] -- Installing: /home/alpaca/Documents/robot/RemoteControlTurtle/install/turtlesim/share/turtlesim/srv/Kill.idl
[48.299s] -- Installing: /home/alpaca/Documents/robot/RemoteControlTurtle/install/turtlesim/share/turtlesim/srv/SetPen.idl
[48.300s] -- Installing: /home/alpaca/Documents/robot/RemoteControlTurtle/install/turtlesim/share/turtlesim/srv/Spawn.idl
[48.300s] -- Installing: /home/alpaca/Documents/robot/RemoteControlTurtle/install/turtlesim/share/turtlesim/srv/TeleportAbsolute.idl
[48.300s] -- Installing: /home/alpaca/Documents/robot/RemoteControlTurtle/install/turtlesim/share/turtlesim/srv/TeleportRelative.idl
[48.300s] -- Installing: /home/alpaca/Documents/robot/RemoteControlTurtle/install/turtlesim/share/turtlesim/action/RotateAbsolute.action
[48.300s] -- Installing: /home/alpaca/Documents/robot/RemoteControlTurtle/install/turtlesim/share/turtlesim/msg/Color.msg
[48.301s] -- Installing: /home/alpaca/Documents/robot/RemoteControlTurtle/install/turtlesim/share/turtlesim/msg/Pose.msg
[48.301s] -- Installing: /home/alpaca/Documents/robot/RemoteControlTurtle/install/turtlesim/share/turtlesim/srv/Kill.srv
[48.301s] -- Installing: /home/alpaca/Documents/robot/RemoteControlTurtle/install/turtlesim/share/turtlesim/srv/SetPen.srv
[48.302s] -- Installing: /home/alpaca/Documents/robot/RemoteControlTurtle/install/turtlesim/share/turtlesim/srv/Spawn.srv
[48.302s] -- Installing: /home/alpaca/Documents/robot/RemoteControlTurtle/install/turtlesim/share/turtlesim/srv/TeleportAbsolute.srv
[48.302s] -- Installing: /home/alpaca/Documents/robot/RemoteControlTurtle/install/turtlesim/share/turtlesim/srv/TeleportRelative.srv
[48.302s] -- Installing: /home/alpaca/Documents/robot/RemoteControlTurtle/install/turtlesim/lib/turtlesim/turtlesim_node
[48.315s] -- Set non-toolchain portion of runtime path of "/home/alpaca/Documents/robot/RemoteControlTurtle/install/turtlesim/lib/turtlesim/turtlesim_node" to ""
[48.315s] -- Installing: /home/alpaca/Documents/robot/RemoteControlTurtle/install/turtlesim/lib/turtlesim/turtle_teleop_key
[48.318s] -- Set non-toolchain portion of runtime path of "/home/alpaca/Documents/robot/RemoteControlTurtle/install/turtlesim/lib/turtlesim/turtle_teleop_key" to ""
[48.318s] -- Installing: /home/alpaca/Documents/robot/RemoteControlTurtle/install/turtlesim/lib/turtlesim/draw_square
[48.323s] -- Set non-toolchain portion of runtime path of "/home/alpaca/Documents/robot/RemoteControlTurtle/install/turtlesim/lib/turtlesim/draw_square" to ""
[48.324s] -- Installing: /home/alpaca/Documents/robot/RemoteControlTurtle/install/turtlesim/lib/turtlesim/mimic
[48.328s] -- Set non-toolchain portion of runtime path of "/home/alpaca/Documents/robot/RemoteControlTurtle/install/turtlesim/lib/turtlesim/mimic" to ""
[48.328s] -- Installing: /home/alpaca/Documents/robot/RemoteControlTurtle/install/turtlesim/share/turtlesim/images
[48.328s] -- Installing: /home/alpaca/Documents/robot/RemoteControlTurtle/install/turtlesim/share/turtlesim/images/rolling.png
[48.331s] -- Installing: /home/alpaca/Documents/robot/RemoteControlTurtle/install/turtlesim/share/turtlesim/images/galactic.png
[48.331s] -- Installing: /home/alpaca/Documents/robot/RemoteControlTurtle/install/turtlesim/share/turtlesim/images/iron.png
[48.332s] -- Installing: /home/alpaca/Documents/robot/RemoteControlTurtle/install/turtlesim/share/turtlesim/images/crystal.png
[48.332s] -- Installing: /home/alpaca/Documents/robot/RemoteControlTurtle/install/turtlesim/share/turtlesim/images/humble.png
[48.332s] -- Installing: /home/alpaca/Documents/robot/RemoteControlTurtle/install/turtlesim/share/turtlesim/images/jazzy.png
[48.332s] -- Installing: /home/alpaca/Documents/robot/RemoteControlTurtle/install/turtlesim/share/turtlesim/images/ardent.png
[48.333s] -- Installing: /home/alpaca/Documents/robot/RemoteControlTurtle/install/turtlesim/share/turtlesim/images/foxy.png
[48.333s] -- Installing: /home/alpaca/Documents/robot/RemoteControlTurtle/install/turtlesim/share/turtlesim/images/eloquent.png
[48.333s] -- Installing: /home/alpaca/Documents/robot/RemoteControlTurtle/install/turtlesim/share/turtlesim/images/dashing.png
[48.334s] -- Installing: /home/alpaca/Documents/robot/RemoteControlTurtle/install/turtlesim/share/turtlesim/images/bouncy.png
[48.334s] -- Installing: /home/alpaca/Documents/robot/RemoteControlTurtle/install/turtlesim/share/turtlesim/launch
[48.334s] -- Installing: /home/alpaca/Documents/robot/RemoteControlTurtle/install/turtlesim/share/turtlesim/launch/multisim.launch.py
[48.334s] -- Installing: /home/alpaca/Documents/robot/RemoteControlTurtle/install/turtlesim/share/ament_index/resource_index/package_run_dependencies/turtlesim
[48.335s] -- Installing: /home/alpaca/Documents/robot/RemoteControlTurtle/install/turtlesim/share/ament_index/resource_index/parent_prefix_path/turtlesim
[48.335s] -- Installing: /home/alpaca/Documents/robot/RemoteControlTurtle/install/turtlesim/share/turtlesim/environment/ament_prefix_path.sh
[48.336s] -- Installing: /home/alpaca/Documents/robot/RemoteControlTurtle/install/turtlesim/share/turtlesim/environment/ament_prefix_path.dsv
[48.336s] -- Installing: /home/alpaca/Documents/robot/RemoteControlTurtle/install/turtlesim/share/turtlesim/environment/path.sh
[48.336s] -- Installing: /home/alpaca/Documents/robot/RemoteControlTurtle/install/turtlesim/share/turtlesim/environment/path.dsv
[48.337s] -- Installing: /home/alpaca/Documents/robot/RemoteControlTurtle/install/turtlesim/share/turtlesim/local_setup.bash
[48.337s] -- Installing: /home/alpaca/Documents/robot/RemoteControlTurtle/install/turtlesim/share/turtlesim/local_setup.sh
[48.337s] -- Installing: /home/alpaca/Documents/robot/RemoteControlTurtle/install/turtlesim/share/turtlesim/local_setup.zsh
[48.338s] -- Installing: /home/alpaca/Documents/robot/RemoteControlTurtle/install/turtlesim/share/turtlesim/local_setup.dsv
[48.338s] -- Installing: /home/alpaca/Documents/robot/RemoteControlTurtle/install/turtlesim/share/turtlesim/package.dsv
[48.338s] -- Installing: /home/alpaca/Documents/robot/RemoteControlTurtle/install/turtlesim/share/ament_index/resource_index/packages/turtlesim
[48.339s] -- Installing: /home/alpaca/Documents/robot/RemoteControlTurtle/install/turtlesim/share/turtlesim/cmake/export_turtlesim__rosidl_generator_cExport.cmake
[48.339s] -- Installing: /home/alpaca/Documents/robot/RemoteControlTurtle/install/turtlesim/share/turtlesim/cmake/export_turtlesim__rosidl_generator_cExport-noconfig.cmake
[48.341s] -- Installing: /home/alpaca/Documents/robot/RemoteControlTurtle/install/turtlesim/share/turtlesim/cmake/export_turtlesim__rosidl_typesupport_fastrtps_cExport.cmake
[48.342s] -- Installing: /home/alpaca/Documents/robot/RemoteControlTurtle/install/turtlesim/share/turtlesim/cmake/export_turtlesim__rosidl_typesupport_fastrtps_cExport-noconfig.cmake
[48.342s] -- Installing: /home/alpaca/Documents/robot/RemoteControlTurtle/install/turtlesim/share/turtlesim/cmake/export_turtlesim__rosidl_generator_cppExport.cmake
[48.342s] -- Installing: /home/alpaca/Documents/robot/RemoteControlTurtle/install/turtlesim/share/turtlesim/cmake/export_turtlesim__rosidl_typesupport_fastrtps_cppExport.cmake
[48.343s] -- Installing: /home/alpaca/Documents/robot/RemoteControlTurtle/install/turtlesim/share/turtlesim/cmake/export_turtlesim__rosidl_typesupport_fastrtps_cppExport-noconfig.cmake
[48.343s] -- Installing: /home/alpaca/Documents/robot/RemoteControlTurtle/install/turtlesim/share/turtlesim/cmake/turtlesim__rosidl_typesupport_introspection_cExport.cmake
[48.343s] -- Installing: /home/alpaca/Documents/robot/RemoteControlTurtle/install/turtlesim/share/turtlesim/cmake/turtlesim__rosidl_typesupport_introspection_cExport-noconfig.cmake
[48.344s] -- Installing: /home/alpaca/Documents/robot/RemoteControlTurtle/install/turtlesim/share/turtlesim/cmake/turtlesim__rosidl_typesupport_cExport.cmake
[48.344s] -- Installing: /home/alpaca/Documents/robot/RemoteControlTurtle/install/turtlesim/share/turtlesim/cmake/turtlesim__rosidl_typesupport_cExport-noconfig.cmake
[48.344s] -- Installing: /home/alpaca/Documents/robot/RemoteControlTurtle/install/turtlesim/share/turtlesim/cmake/turtlesim__rosidl_typesupport_introspection_cppExport.cmake
[48.344s] -- Installing: /home/alpaca/Documents/robot/RemoteControlTurtle/install/turtlesim/share/turtlesim/cmake/turtlesim__rosidl_typesupport_introspection_cppExport-noconfig.cmake
[48.345s] -- Installing: /home/alpaca/Documents/robot/RemoteControlTurtle/install/turtlesim/share/turtlesim/cmake/turtlesim__rosidl_typesupport_cppExport.cmake
[48.345s] -- Installing: /home/alpaca/Documents/robot/RemoteControlTurtle/install/turtlesim/share/turtlesim/cmake/turtlesim__rosidl_typesupport_cppExport-noconfig.cmake
[48.347s] -- Installing: /home/alpaca/Documents/robot/RemoteControlTurtle/install/turtlesim/share/turtlesim/cmake/export_turtlesim__rosidl_generator_pyExport.cmake
[48.347s] -- Installing: /home/alpaca/Documents/robot/RemoteControlTurtle/install/turtlesim/share/turtlesim/cmake/export_turtlesim__rosidl_generator_pyExport-noconfig.cmake
[48.347s] -- Installing: /home/alpaca/Documents/robot/RemoteControlTurtle/install/turtlesim/share/turtlesim/cmake/rosidl_cmake-extras.cmake
[48.347s] -- Installing: /home/alpaca/Documents/robot/RemoteControlTurtle/install/turtlesim/share/turtlesim/cmake/ament_cmake_export_dependencies-extras.cmake
[48.348s] -- Installing: /home/alpaca/Documents/robot/RemoteControlTurtle/install/turtlesim/share/turtlesim/cmake/ament_cmake_export_include_directories-extras.cmake
[48.348s] -- Installing: /home/alpaca/Documents/robot/RemoteControlTurtle/install/turtlesim/share/turtlesim/cmake/ament_cmake_export_libraries-extras.cmake
[48.348s] -- Installing: /home/alpaca/Documents/robot/RemoteControlTurtle/install/turtlesim/share/turtlesim/cmake/ament_cmake_export_targets-extras.cmake
[48.349s] -- Installing: /home/alpaca/Documents/robot/RemoteControlTurtle/install/turtlesim/share/turtlesim/cmake/rosidl_cmake_export_typesupport_targets-extras.cmake
[48.349s] -- Installing: /home/alpaca/Documents/robot/RemoteControlTurtle/install/turtlesim/share/turtlesim/cmake/rosidl_cmake_export_typesupport_libraries-extras.cmake
[48.349s] -- Installing: /home/alpaca/Documents/robot/RemoteControlTurtle/install/turtlesim/share/turtlesim/cmake/turtlesimConfig.cmake
[48.349s] -- Installing: /home/alpaca/Documents/robot/RemoteControlTurtle/install/turtlesim/share/turtlesim/cmake/turtlesimConfig-version.cmake
[48.349s] -- Installing: /home/alpaca/Documents/robot/RemoteControlTurtle/install/turtlesim/share/turtlesim/package.xml
[48.352s] Invoked command in '/home/alpaca/Documents/robot/RemoteControlTurtle/build/turtlesim' returned '0': CMAKE_PREFIX_PATH=${CMAKE_PREFIX_PATH}:/opt/ros/jazzy DEBUGINFOD_URLS=https://debuginfod.ubuntu.com /usr/bin/cmake --install /home/alpaca/Documents/robot/RemoteControlTurtle/build/turtlesim
