running egg_info
creating ../../build/joy_to_turtle/joy_to_turtle.egg-info
writing ../../build/joy_to_turtle/joy_to_turtle.egg-info/PKG-INFO
writing dependency_links to ../../build/joy_to_turtle/joy_to_turtle.egg-info/dependency_links.txt
writing entry points to ../../build/joy_to_turtle/joy_to_turtle.egg-info/entry_points.txt
writing requirements to ../../build/joy_to_turtle/joy_to_turtle.egg-info/requires.txt
writing top-level names to ../../build/joy_to_turtle/joy_to_turtle.egg-info/top_level.txt
writing manifest file '../../build/joy_to_turtle/joy_to_turtle.egg-info/SOURCES.txt'
reading manifest file '../../build/joy_to_turtle/joy_to_turtle.egg-info/SOURCES.txt'
adding license file 'LICENSE'
writing manifest file '../../build/joy_to_turtle/joy_to_turtle.egg-info/SOURCES.txt'
running build
running build_py
creating /home/alpaca/Documents/robot/RemoteControlTurtle/build/joy_to_turtle/build
creating /home/alpaca/Documents/robot/RemoteControlTurtle/build/joy_to_turtle/build/lib
creating /home/alpaca/Documents/robot/RemoteControlTurtle/build/joy_to_turtle/build/lib/joy_to_turtle
copying joy_to_turtle/__init__.py -> /home/alpaca/Documents/robot/RemoteControlTurtle/build/joy_to_turtle/build/lib/joy_to_turtle
copying joy_to_turtle/joy_to_turtle.py -> /home/alpaca/Documents/robot/RemoteControlTurtle/build/joy_to_turtle/build/lib/joy_to_turtle
running install
running install_lib
creating /home/alpaca/Documents/robot/RemoteControlTurtle/install/joy_to_turtle/lib/python3.12/site-packages/joy_to_turtle
copying /home/alpaca/Documents/robot/RemoteControlTurtle/build/joy_to_turtle/build/lib/joy_to_turtle/__init__.py -> /home/alpaca/Documents/robot/RemoteControlTurtle/install/joy_to_turtle/lib/python3.12/site-packages/joy_to_turtle
copying /home/alpaca/Documents/robot/RemoteControlTurtle/build/joy_to_turtle/build/lib/joy_to_turtle/joy_to_turtle.py -> /home/alpaca/Documents/robot/RemoteControlTurtle/install/joy_to_turtle/lib/python3.12/site-packages/joy_to_turtle
byte-compiling /home/alpaca/Documents/robot/RemoteControlTurtle/install/joy_to_turtle/lib/python3.12/site-packages/joy_to_turtle/__init__.py to __init__.cpython-312.pyc
byte-compiling /home/alpaca/Documents/robot/RemoteControlTurtle/install/joy_to_turtle/lib/python3.12/site-packages/joy_to_turtle/joy_to_turtle.py to joy_to_turtle.cpython-312.pyc
running install_data
creating /home/alpaca/Documents/robot/RemoteControlTurtle/install/joy_to_turtle/share/ament_index
creating /home/alpaca/Documents/robot/RemoteControlTurtle/install/joy_to_turtle/share/ament_index/resource_index
creating /home/alpaca/Documents/robot/RemoteControlTurtle/install/joy_to_turtle/share/ament_index/resource_index/packages
copying resource/joy_to_turtle -> /home/alpaca/Documents/robot/RemoteControlTurtle/install/joy_to_turtle/share/ament_index/resource_index/packages
copying package.xml -> /home/alpaca/Documents/robot/RemoteControlTurtle/install/joy_to_turtle/share/joy_to_turtle
running install_egg_info
Copying ../../build/joy_to_turtle/joy_to_turtle.egg-info to /home/alpaca/Documents/robot/RemoteControlTurtle/install/joy_to_turtle/lib/python3.12/site-packages/joy_to_turtle-0.0.0-py3.12.egg-info
running install_scripts
Installing joy_to_turtle script to /home/alpaca/Documents/robot/RemoteControlTurtle/install/joy_to_turtle/lib/joy_to_turtle
writing list of installed files to '/home/alpaca/Documents/robot/RemoteControlTurtle/build/joy_to_turtle/install.log'
