[0.977s] Invoking command in '/home/alpaca/Documents/robot/RemoteControlTurtle/src/joy_to_turtle': DEBUGINFOD_URLS=https://debuginfod.ubuntu.com PYTHONPATH=/home/alpaca/Documents/robot/RemoteControlTurtle/build/joy_to_turtle/prefix_override:/usr/lib/python3/dist-packages/colcon_core/task/python/colcon_distutils_commands:/home/alpaca/Documents/robot/RemoteControlTurtle/install/joy_to_turtle/lib/python3.12/site-packages:${PYTHONPATH} /usr/bin/python3 -W ignore:setup.py install is deprecated -W ignore:easy_install command is deprecated setup.py egg_info --egg-base ../../build/joy_to_turtle build --build-base /home/alpaca/Documents/robot/RemoteControlTurtle/build/joy_to_turtle/build install --record /home/alpaca/Documents/robot/RemoteControlTurtle/build/joy_to_turtle/install.log --single-version-externally-managed install_data
[1.303s] running egg_info
[1.328s] writing ../../build/joy_to_turtle/joy_to_turtle.egg-info/PKG-INFO
[1.328s] writing dependency_links to ../../build/joy_to_turtle/joy_to_turtle.egg-info/dependency_links.txt
[1.329s] writing entry points to ../../build/joy_to_turtle/joy_to_turtle.egg-info/entry_points.txt
[1.329s] writing requirements to ../../build/joy_to_turtle/joy_to_turtle.egg-info/requires.txt
[1.329s] writing top-level names to ../../build/joy_to_turtle/joy_to_turtle.egg-info/top_level.txt
[1.379s] reading manifest file '../../build/joy_to_turtle/joy_to_turtle.egg-info/SOURCES.txt'
[1.379s] adding license file 'LICENSE'
[1.380s] writing manifest file '../../build/joy_to_turtle/joy_to_turtle.egg-info/SOURCES.txt'
[1.380s] running build
[1.380s] running build_py
[1.380s] running install
[1.387s] running install_lib
[1.413s] running install_data
[1.413s] running install_egg_info
[1.439s] removing '/home/alpaca/Documents/robot/RemoteControlTurtle/install/joy_to_turtle/lib/python3.12/site-packages/joy_to_turtle-0.0.0-py3.12.egg-info' (and everything under it)
[1.440s] Copying ../../build/joy_to_turtle/joy_to_turtle.egg-info to /home/alpaca/Documents/robot/RemoteControlTurtle/install/joy_to_turtle/lib/python3.12/site-packages/joy_to_turtle-0.0.0-py3.12.egg-info
[1.441s] running install_scripts
[1.604s] Installing joy_to_turtle script to /home/alpaca/Documents/robot/RemoteControlTurtle/install/joy_to_turtle/lib/joy_to_turtle
[1.604s] writing list of installed files to '/home/alpaca/Documents/robot/RemoteControlTurtle/build/joy_to_turtle/install.log'
[1.636s] Invoked command in '/home/alpaca/Documents/robot/RemoteControlTurtle/src/joy_to_turtle' returned '0': DEBUGINFOD_URLS=https://debuginfod.ubuntu.com PYTHONPATH=/home/alpaca/Documents/robot/RemoteControlTurtle/build/joy_to_turtle/prefix_override:/usr/lib/python3/dist-packages/colcon_core/task/python/colcon_distutils_commands:/home/alpaca/Documents/robot/RemoteControlTurtle/install/joy_to_turtle/lib/python3.12/site-packages:${PYTHONPATH} /usr/bin/python3 -W ignore:setup.py install is deprecated -W ignore:easy_install command is deprecated setup.py egg_info --egg-base ../../build/joy_to_turtle build --build-base /home/alpaca/Documents/robot/RemoteControlTurtle/build/joy_to_turtle/build install --record /home/alpaca/Documents/robot/RemoteControlTurtle/build/joy_to_turtle/install.log --single-version-externally-managed install_data
